1608124810070	geckodriver	INFO	Listening on 127.0.0.1:48007
1608124810075	mozrunner::runner	INFO	Running command: "/usr/bin/firefox" "--marionette" "-foreground" "-no-remote" "-profile" "/tmp/rust_mozprofile3txUYq"
console.warn: SearchSettings: "get: No settings file exists, new profile?" (new Error("", "(unknown module)"))
1608124812413	Marionette	INFO	Listening on port 34153
1608124812509	Marionette	WARN	TLS certificate errors will be ignored for this session
1608124845686	Marionette	WARN	Ignoring event 'pageshow' because document has an invalid readyState of 'uninitialized'.
1608124882386	geckodriver	INFO	Listening on 127.0.0.1:52617
1608124882392	mozrunner::runner	INFO	Running command: "/usr/bin/firefox" "--marionette" "-foreground" "-no-remote" "-profile" "/tmp/rust_mozprofileokBQPs"
console.warn: SearchSettings: "get: No settings file exists, new profile?" (new Error("", "(unknown module)"))
1608124884724	Marionette	INFO	Listening on port 34961
1608124884823	Marionette	WARN	TLS certificate errors will be ignored for this session
1608124918522	geckodriver	INFO	Listening on 127.0.0.1:53831
1608124918531	mozrunner::runner	INFO	Running command: "/usr/bin/firefox" "--marionette" "-foreground" "-no-remote" "-profile" "/tmp/rust_mozprofileG9FqFZ"
console.warn: SearchSettings: "get: No settings file exists, new profile?" (new Error("", "(unknown module)"))
1608124921146	Marionette	INFO	Listening on port 43221
1608124921261	Marionette	WARN	TLS certificate errors will be ignored for this session
JavaScript error: , line 0: NotFoundError: No such JSWindowActor 'MarionetteEvents'
1608124978837	geckodriver	INFO	Listening on 127.0.0.1:37697
1608124978843	mozrunner::runner	INFO	Running command: "/usr/bin/firefox" "--marionette" "-foreground" "-no-remote" "-profile" "/tmp/rust_mozprofilepgEx9z"
console.warn: SearchSettings: "get: No settings file exists, new profile?" (new Error("", "(unknown module)"))
1608124981364	Marionette	INFO	Listening on port 35643
1608124981485	Marionette	WARN	TLS certificate errors will be ignored for this session
1608125033020	Marionette	INFO	Stopped listening on port 43221
1608125033032	Marionette	INFO	Stopped listening on port 34961
1608125033035	Marionette	INFO	Stopped listening on port 34153
1608125033042	Marionette	INFO	Stopped listening on port 35643

###!!! [Parent][RunMessage] Error: Channel closing: too late to send/recv, messages will be lost

1608125039859	geckodriver	INFO	Listening on 127.0.0.1:54443
1608125039867	mozrunner::runner	INFO	Running command: "/usr/bin/firefox" "--marionette" "-foreground" "-no-remote" "-profile" "/tmp/rust_mozprofile7npBQd"
console.warn: SearchSettings: "get: No settings file exists, new profile?" (new Error("", "(unknown module)"))
1608125042310	Marionette	INFO	Listening on port 41681
1608125042402	Marionette	WARN	TLS certificate errors will be ignored for this session
JavaScript error: , line 0: NotFoundError: No such JSWindowActor 'MarionetteEvents'
1608125148609	Marionette	INFO	Stopped listening on port 41681
1608125196768	geckodriver	INFO	Listening on 127.0.0.1:45955
1608125196774	mozrunner::runner	INFO	Running command: "/usr/bin/firefox" "--marionette" "-foreground" "-no-remote" "-profile" "/tmp/rust_mozprofilemtOpjG"
console.warn: SearchSettings: "get: No settings file exists, new profile?" (new Error("", "(unknown module)"))
1608125199132	Marionette	INFO	Listening on port 42551
1608125199201	Marionette	WARN	TLS certificate errors will be ignored for this session
1608125224475	Marionette	WARN	Ignoring event 'pageshow' because document has an invalid readyState of 'uninitialized'.
1608125227489	Marionette	WARN	Ignoring event 'pageshow' because document has an invalid readyState of 'uninitialized'.

###!!! [Child][RunMessage] Error: Channel closing: too late to send/recv, messages will be lost

1608125243823	Marionette	INFO	Stopped listening on port 42551
1608125284679	geckodriver	INFO	Listening on 127.0.0.1:51183
1608125284685	mozrunner::runner	INFO	Running command: "/usr/bin/firefox" "--marionette" "-foreground" "-no-remote" "-profile" "/tmp/rust_mozprofileoshTpy"
console.warn: SearchSettings: "get: No settings file exists, new profile?" (new Error("", "(unknown module)"))
1608125287207	Marionette	INFO	Listening on port 43251
1608125287315	Marionette	WARN	TLS certificate errors will be ignored for this session
1608125322811	Marionette	INFO	Stopped listening on port 43251

###!!! [Parent][RunMessage] Error: Channel closing: too late to send/recv, messages will be lost

1608125352462	geckodriver	INFO	Listening on 127.0.0.1:55053
1608125352477	mozrunner::runner	INFO	Running command: "/usr/bin/firefox" "--marionette" "-foreground" "-no-remote" "-profile" "/tmp/rust_mozprofileLQ7kqC"
console.warn: SearchSettings: "get: No settings file exists, new profile?" (new Error("", "(unknown module)"))
1608125354839	Marionette	INFO	Listening on port 45803
1608125354911	Marionette	WARN	TLS certificate errors will be ignored for this session
1608125397323	geckodriver	INFO	Listening on 127.0.0.1:36677
1608125397329	mozrunner::runner	INFO	Running command: "/usr/bin/firefox" "--marionette" "-foreground" "-no-remote" "-profile" "/tmp/rust_mozprofileRx1bnL"
console.warn: SearchSettings: "get: No settings file exists, new profile?" (new Error("", "(unknown module)"))
1608125399850	Marionette	INFO	Listening on port 41135
1608125399968	Marionette	WARN	TLS certificate errors will be ignored for this session
JavaScript error: , line 0: TypeError: NetworkError when attempting to fetch resource.
1608125491234	geckodriver	INFO	Listening on 127.0.0.1:57511
1608125491241	mozrunner::runner	INFO	Running command: "/usr/bin/firefox" "--marionette" "-foreground" "-no-remote" "-profile" "/tmp/rust_mozprofilewKkXOk"
console.warn: SearchSettings: "get: No settings file exists, new profile?" (new Error("", "(unknown module)"))
1608125493902	Marionette	INFO	Listening on port 35647
1608125493972	Marionette	WARN	TLS certificate errors will be ignored for this session
1608125516521	Marionette	WARN	Ignoring event 'pageshow' because document has an invalid readyState of 'uninitialized'.
1608125518639	Marionette	WARN	Ignoring event 'pageshow' because document has an invalid readyState of 'uninitialized'.
1608125547257	Marionette	INFO	Stopped listening on port 45803
1608125547260	Marionette	INFO	Stopped listening on port 41135

###!!! [Parent][RunMessage] Error: Channel closing: too late to send/recv, messages will be lost

1608125547371	Marionette	INFO	Stopped listening on port 35647
1608125549259	geckodriver	INFO	Listening on 127.0.0.1:50803
1608125549265	mozrunner::runner	INFO	Running command: "/usr/bin/firefox" "--marionette" "-foreground" "-no-remote" "-profile" "/tmp/rust_mozprofileLDW7m9"
console.warn: SearchSettings: "get: No settings file exists, new profile?" (new Error("", "(unknown module)"))
1608125551695	Marionette	INFO	Listening on port 43465
1608125551801	Marionette	WARN	TLS certificate errors will be ignored for this session
console.error: Region.jsm: "Error fetching region" (new Error("TIMEOUT", "resource://gre/modules/Region.jsm", 726))
console.error: Region.jsm: "Failed to fetch region" (new Error("TIMEOUT", "resource://gre/modules/Region.jsm", 376))
1608125613006	geckodriver	INFO	Listening on 127.0.0.1:38329
1608125613012	mozrunner::runner	INFO	Running command: "/usr/bin/firefox" "--marionette" "-foreground" "-no-remote" "-profile" "/tmp/rust_mozprofilefhakTq"
console.warn: SearchSettings: "get: No settings file exists, new profile?" (new Error("", "(unknown module)"))
1608125615422	Marionette	INFO	Listening on port 39757
1608125615542	Marionette	WARN	TLS certificate errors will be ignored for this session
1608125733637	geckodriver	INFO	Listening on 127.0.0.1:55785
1608125733644	mozrunner::runner	INFO	Running command: "/usr/bin/firefox" "--marionette" "-foreground" "-no-remote" "-profile" "/tmp/rust_mozprofilebweE9e"
console.warn: SearchSettings: "get: No settings file exists, new profile?" (new Error("", "(unknown module)"))
1608125735967	Marionette	INFO	Listening on port 35985
1608125736076	Marionette	WARN	TLS certificate errors will be ignored for this session
1608125779001	geckodriver	INFO	Listening on 127.0.0.1:58377
1608125779007	mozrunner::runner	INFO	Running command: "/usr/bin/firefox" "--marionette" "-foreground" "-no-remote" "-profile" "/tmp/rust_mozprofileMleZFy"
console.warn: SearchSettings: "get: No settings file exists, new profile?" (new Error("", "(unknown module)"))
1608125781483	Marionette	INFO	Listening on port 38239
1608125781542	Marionette	WARN	TLS certificate errors will be ignored for this session
1608125986749	geckodriver	INFO	Listening on 127.0.0.1:34561
1608125986755	mozrunner::runner	INFO	Running command: "/usr/bin/firefox" "--marionette" "-foreground" "-no-remote" "-profile" "/tmp/rust_mozprofileh2v0AZ"
console.warn: SearchSettings: "get: No settings file exists, new profile?" (new Error("", "(unknown module)"))
1608125989326	Marionette	INFO	Listening on port 38297
1608125989385	Marionette	WARN	TLS certificate errors will be ignored for this session
1608126010591	Marionette	WARN	Ignoring event 'pageshow' because document has an invalid readyState of 'uninitialized'.
1608126055993	Marionette	INFO	Stopped listening on port 43465
1608126056106	Marionette	INFO	Stopped listening on port 38297
1608126056110	Marionette	INFO	Stopped listening on port 38239

###!!! [Parent][RunMessage] Error: Channel closing: too late to send/recv, messages will be lost

1608126056212	Marionette	INFO	Stopped listening on port 35985
1608126056219	Marionette	INFO	Stopped listening on port 39757

###!!! [Parent][RunMessage] Error: Channel closing: too late to send/recv, messages will be lost

1608126069503	geckodriver	INFO	Listening on 127.0.0.1:48925
1608126069509	mozrunner::runner	INFO	Running command: "/usr/bin/firefox" "--marionette" "-foreground" "-no-remote" "-profile" "/tmp/rust_mozprofileOYHARK"
console.warn: SearchSettings: "get: No settings file exists, new profile?" (new Error("", "(unknown module)"))
1608126071883	Marionette	INFO	Listening on port 40631
1608126071951	Marionette	WARN	TLS certificate errors will be ignored for this session
1608126092411	Marionette	WARN	Ignoring event 'pageshow' because document has an invalid readyState of 'uninitialized'.
1608126098506	Marionette	WARN	Ignoring event 'pageshow' because document has an invalid readyState of 'uninitialized'.
1608126114227	Marionette	INFO	Stopped listening on port 40631
1608126397496	geckodriver	INFO	Listening on 127.0.0.1:50029
1608126397502	mozrunner::runner	INFO	Running command: "/usr/bin/firefox" "--marionette" "-foreground" "-no-remote" "-profile" "/tmp/rust_mozprofile42tQ4c"
console.warn: SearchSettings: "get: No settings file exists, new profile?" (new Error("", "(unknown module)"))
1608126399878	Marionette	INFO	Listening on port 41623
1608126399936	Marionette	WARN	TLS certificate errors will be ignored for this session
1608126414787	Marionette	INFO	Stopped listening on port 41623
JavaScript error: https://www.googletagmanager.com/gtm.js?id=GTM-NVJM8SH, line 1152: NS_ERROR_NOT_INITIALIZED: 
JavaScript error: , line 0: uncaught exception: undefined

###!!! [Parent][RunMessage] Error: Channel closing: too late to send/recv, messages will be lost

1608126430012	geckodriver	INFO	Listening on 127.0.0.1:43839
1608126430018	mozrunner::runner	INFO	Running command: "/usr/bin/firefox" "--marionette" "-foreground" "-no-remote" "-profile" "/tmp/rust_mozprofile1GIBN8"
console.warn: SearchSettings: "get: No settings file exists, new profile?" (new Error("", "(unknown module)"))
1608126432437	Marionette	INFO	Listening on port 36981
1608126432553	Marionette	WARN	TLS certificate errors will be ignored for this session
1608126459891	Marionette	INFO	Stopped listening on port 36981

###!!! [Parent][RunMessage] Error: Channel closing: too late to send/recv, messages will be lost

1608126597256	geckodriver	INFO	Listening on 127.0.0.1:59837
1608126597262	mozrunner::runner	INFO	Running command: "/usr/bin/firefox" "--marionette" "-foreground" "-no-remote" "-profile" "/tmp/rust_mozprofileaF6DC8"
console.warn: SearchSettings: "get: No settings file exists, new profile?" (new Error("", "(unknown module)"))
1608126599667	Marionette	INFO	Listening on port 33891
1608126599789	Marionette	WARN	TLS certificate errors will be ignored for this session
1608126623412	Marionette	INFO	Stopped listening on port 33891

###!!! [Child][RunMessage] Error: Channel closing: too late to send/recv, messages will be lost

1608126942015	geckodriver	INFO	Listening on 127.0.0.1:56921
1608126942021	mozrunner::runner	INFO	Running command: "/usr/bin/firefox" "--marionette" "-headless" "-foreground" "-no-remote" "-profile" "/tmp/rust_mozprofilepoyCqx"
*** You are running in headless mode.

(firefox:66117): GLib-GObject-WARNING **: 16:55:42.478: invalid (NULL) pointer instance

(firefox:66117): GLib-GObject-CRITICAL **: 16:55:42.478: g_signal_connect_data: assertion 'G_TYPE_CHECK_INSTANCE (instance)' failed

(/usr/lib/firefox/firefox:66245): GLib-GObject-WARNING **: 16:55:42.912: invalid (NULL) pointer instance

(/usr/lib/firefox/firefox:66245): GLib-GObject-CRITICAL **: 16:55:42.912: g_signal_connect_data: assertion 'G_TYPE_CHECK_INSTANCE (instance)' failed

(/usr/lib/firefox/firefox:66263): GLib-GObject-WARNING **: 16:55:43.014: invalid (NULL) pointer instance

(/usr/lib/firefox/firefox:66263): GLib-GObject-CRITICAL **: 16:55:43.014: g_signal_connect_data: assertion 'G_TYPE_CHECK_INSTANCE (instance)' failed
console.warn: SearchSettings: "get: No settings file exists, new profile?" (new Error("", "(unknown module)"))
1608126943954	Marionette	INFO	Listening on port 42273

(/usr/lib/firefox/firefox:66335): GLib-GObject-WARNING **: 16:55:43.966: invalid (NULL) pointer instance

(/usr/lib/firefox/firefox:66335): GLib-GObject-CRITICAL **: 16:55:43.967: g_signal_connect_data: assertion 'G_TYPE_CHECK_INSTANCE (instance)' failed
1608126944051	Marionette	WARN	TLS certificate errors will be ignored for this session
JavaScript warning: https://mc.yandex.ru/metrika/tag.js, line 404: WebGL warning: <Create>: Can't use WebGL in headless mode (https://bugzil.la/1375585).
JavaScript warning: https://mc.yandex.ru/metrika/tag.js, line 404: Failed to create WebGL context: WebGL creation failed: 
* Can't use WebGL in headless mode (https://bugzil.la/1375585).
1608126951032	Marionette	INFO	Stopped listening on port 42273
JavaScript error: https://www.googletagmanager.com/gtm.js?id=GTM-NVJM8SH, line 1152: NS_ERROR_NOT_INITIALIZED: 
JavaScript error: , line 0: uncaught exception: undefined
1608127050349	geckodriver	INFO	Listening on 127.0.0.1:34417
1608127050355	mozrunner::runner	INFO	Running command: "/usr/bin/firefox" "--marionette" "-headless" "-foreground" "-no-remote" "-profile" "/tmp/rust_mozprofileR7M3Ka"
*** You are running in headless mode.

(firefox:66471): GLib-GObject-WARNING **: 16:57:30.788: invalid (NULL) pointer instance

(firefox:66471): GLib-GObject-CRITICAL **: 16:57:30.788: g_signal_connect_data: assertion 'G_TYPE_CHECK_INSTANCE (instance)' failed

(/usr/lib/firefox/firefox:66607): GLib-GObject-WARNING **: 16:57:31.214: invalid (NULL) pointer instance

(/usr/lib/firefox/firefox:66607): GLib-GObject-CRITICAL **: 16:57:31.214: g_signal_connect_data: assertion 'G_TYPE_CHECK_INSTANCE (instance)' failed

(/usr/lib/firefox/firefox:66625): GLib-GObject-WARNING **: 16:57:31.314: invalid (NULL) pointer instance

(/usr/lib/firefox/firefox:66625): GLib-GObject-CRITICAL **: 16:57:31.314: g_signal_connect_data: assertion 'G_TYPE_CHECK_INSTANCE (instance)' failed
console.warn: SearchSettings: "get: No settings file exists, new profile?" (new Error("", "(unknown module)"))
1608127052282	Marionette	INFO	Listening on port 38433

(/usr/lib/firefox/firefox:66695): GLib-GObject-WARNING **: 16:57:32.288: invalid (NULL) pointer instance

(/usr/lib/firefox/firefox:66695): GLib-GObject-CRITICAL **: 16:57:32.288: g_signal_connect_data: assertion 'G_TYPE_CHECK_INSTANCE (instance)' failed
1608127052381	Marionette	WARN	TLS certificate errors will be ignored for this session
JavaScript warning: https://mc.yandex.ru/metrika/tag.js, line 404: WebGL warning: <Create>: Can't use WebGL in headless mode (https://bugzil.la/1375585).
JavaScript warning: https://mc.yandex.ru/metrika/tag.js, line 404: Failed to create WebGL context: WebGL creation failed: 
* Can't use WebGL in headless mode (https://bugzil.la/1375585).
1608127057771	Marionette	INFO	Stopped listening on port 38433
1608127104623	geckodriver	INFO	Listening on 127.0.0.1:33685
1608127104629	mozrunner::runner	INFO	Running command: "/usr/bin/firefox" "--marionette" "-headless" "-foreground" "-no-remote" "-profile" "/tmp/rust_mozprofilexPVRA6"
*** You are running in headless mode.

(firefox:66796): GLib-GObject-WARNING **: 16:58:25.089: invalid (NULL) pointer instance

(firefox:66796): GLib-GObject-CRITICAL **: 16:58:25.089: g_signal_connect_data: assertion 'G_TYPE_CHECK_INSTANCE (instance)' failed

(/usr/lib/firefox/firefox:66916): GLib-GObject-WARNING **: 16:58:25.536: invalid (NULL) pointer instance

(/usr/lib/firefox/firefox:66916): GLib-GObject-CRITICAL **: 16:58:25.536: g_signal_connect_data: assertion 'G_TYPE_CHECK_INSTANCE (instance)' failed

(/usr/lib/firefox/firefox:66933): GLib-GObject-WARNING **: 16:58:25.634: invalid (NULL) pointer instance

(/usr/lib/firefox/firefox:66933): GLib-GObject-CRITICAL **: 16:58:25.634: g_signal_connect_data: assertion 'G_TYPE_CHECK_INSTANCE (instance)' failed
console.warn: SearchSettings: "get: No settings file exists, new profile?" (new Error("", "(unknown module)"))
1608127106583	Marionette	INFO	Listening on port 34181

(/usr/lib/firefox/firefox:67003): GLib-GObject-WARNING **: 16:58:26.588: invalid (NULL) pointer instance

(/usr/lib/firefox/firefox:67003): GLib-GObject-CRITICAL **: 16:58:26.588: g_signal_connect_data: assertion 'G_TYPE_CHECK_INSTANCE (instance)' failed
1608127106662	Marionette	WARN	TLS certificate errors will be ignored for this session
JavaScript warning: https://mc.yandex.ru/metrika/tag.js, line 404: WebGL warning: <Create>: Can't use WebGL in headless mode (https://bugzil.la/1375585).
JavaScript warning: https://mc.yandex.ru/metrika/tag.js, line 404: Failed to create WebGL context: WebGL creation failed: 
* Can't use WebGL in headless mode (https://bugzil.la/1375585).
1608127111835	Marionette	INFO	Stopped listening on port 34181
JavaScript error: , line 0: uncaught exception: undefined
1608127140980	geckodriver	INFO	Listening on 127.0.0.1:43365
1608127140986	mozrunner::runner	INFO	Running command: "/usr/bin/firefox" "--marionette" "-headless" "-foreground" "-no-remote" "-profile" "/tmp/rust_mozprofiledFry7W"
*** You are running in headless mode.

(firefox:67096): GLib-GObject-WARNING **: 16:59:02.253: invalid (NULL) pointer instance

(firefox:67096): GLib-GObject-CRITICAL **: 16:59:02.253: g_signal_connect_data: assertion 'G_TYPE_CHECK_INSTANCE (instance)' failed

(/usr/lib/firefox/firefox:67229): GLib-GObject-WARNING **: 16:59:02.697: invalid (NULL) pointer instance

(/usr/lib/firefox/firefox:67229): GLib-GObject-CRITICAL **: 16:59:02.697: g_signal_connect_data: assertion 'G_TYPE_CHECK_INSTANCE (instance)' failed

(/usr/lib/firefox/firefox:67247): GLib-GObject-WARNING **: 16:59:02.796: invalid (NULL) pointer instance

(/usr/lib/firefox/firefox:67247): GLib-GObject-CRITICAL **: 16:59:02.796: g_signal_connect_data: assertion 'G_TYPE_CHECK_INSTANCE (instance)' failed
console.warn: SearchSettings: "get: No settings file exists, new profile?" (new Error("", "(unknown module)"))

(/usr/lib/firefox/firefox:67315): GLib-GObject-WARNING **: 16:59:04.626: invalid (NULL) pointer instance

(/usr/lib/firefox/firefox:67315): GLib-GObject-CRITICAL **: 16:59:04.626: g_signal_connect_data: assertion 'G_TYPE_CHECK_INSTANCE (instance)' failed
1608127144651	Marionette	INFO	Listening on port 46653
1608127144719	Marionette	WARN	TLS certificate errors will be ignored for this session
Exiting due to channel error.
Exiting due to channel error.
Exiting due to channel error.
1608127158370	geckodriver	INFO	Listening on 127.0.0.1:38845
1608127158376	mozrunner::runner	INFO	Running command: "/usr/bin/firefox" "--marionette" "-headless" "-foreground" "-no-remote" "-profile" "/tmp/rust_mozprofileWLkrwP"
*** You are running in headless mode.

(firefox:67382): GLib-GObject-WARNING **: 16:59:18.827: invalid (NULL) pointer instance

(firefox:67382): GLib-GObject-CRITICAL **: 16:59:18.827: g_signal_connect_data: assertion 'G_TYPE_CHECK_INSTANCE (instance)' failed

(/usr/lib/firefox/firefox:67516): GLib-GObject-WARNING **: 16:59:19.280: invalid (NULL) pointer instance

(/usr/lib/firefox/firefox:67516): GLib-GObject-CRITICAL **: 16:59:19.280: g_signal_connect_data: assertion 'G_TYPE_CHECK_INSTANCE (instance)' failed

(/usr/lib/firefox/firefox:67534): GLib-GObject-WARNING **: 16:59:19.378: invalid (NULL) pointer instance

(/usr/lib/firefox/firefox:67534): GLib-GObject-CRITICAL **: 16:59:19.378: g_signal_connect_data: assertion 'G_TYPE_CHECK_INSTANCE (instance)' failed
console.warn: SearchSettings: "get: No settings file exists, new profile?" (new Error("", "(unknown module)"))

(/usr/lib/firefox/firefox:67602): GLib-GObject-WARNING **: 16:59:20.355: invalid (NULL) pointer instance

(/usr/lib/firefox/firefox:67602): GLib-GObject-CRITICAL **: 16:59:20.358: g_signal_connect_data: assertion 'G_TYPE_CHECK_INSTANCE (instance)' failed
1608127160361	Marionette	INFO	Listening on port 44479
1608127160401	Marionette	WARN	TLS certificate errors will be ignored for this session
JavaScript warning: https://mc.yandex.ru/metrika/tag.js, line 105: WebGL warning: <Create>: Can't use WebGL in headless mode (https://bugzil.la/1375585).
JavaScript warning: https://mc.yandex.ru/metrika/tag.js, line 105: Failed to create WebGL context: WebGL creation failed: 
* Can't use WebGL in headless mode (https://bugzil.la/1375585).
JavaScript warning: https://mc.yandex.ru/metrika/tag.js, line 105: WebGL warning: <Create>: Can't use WebGL in headless mode (https://bugzil.la/1375585).
JavaScript warning: https://mc.yandex.ru/metrika/tag.js, line 105: Failed to create WebGL context: WebGL creation failed: 
* Can't use WebGL in headless mode (https://bugzil.la/1375585).
1608127169804	Marionette	INFO	Stopped listening on port 44479
1608127316963	geckodriver	INFO	Listening on 127.0.0.1:43509
1608127316969	mozrunner::runner	INFO	Running command: "/usr/bin/firefox" "--marionette" "-headless" "-foreground" "-no-remote" "-profile" "/tmp/rust_mozprofileftDziV"
*** You are running in headless mode.

(firefox:67755): GLib-GObject-WARNING **: 17:01:57.411: invalid (NULL) pointer instance

(firefox:67755): GLib-GObject-CRITICAL **: 17:01:57.411: g_signal_connect_data: assertion 'G_TYPE_CHECK_INSTANCE (instance)' failed

(/usr/lib/firefox/firefox:67889): GLib-GObject-WARNING **: 17:01:57.850: invalid (NULL) pointer instance

(/usr/lib/firefox/firefox:67889): GLib-GObject-CRITICAL **: 17:01:57.850: g_signal_connect_data: assertion 'G_TYPE_CHECK_INSTANCE (instance)' failed

(/usr/lib/firefox/firefox:67908): GLib-GObject-WARNING **: 17:01:57.953: invalid (NULL) pointer instance

(/usr/lib/firefox/firefox:67908): GLib-GObject-CRITICAL **: 17:01:57.953: g_signal_connect_data: assertion 'G_TYPE_CHECK_INSTANCE (instance)' failed
console.warn: SearchSettings: "get: No settings file exists, new profile?" (new Error("", "(unknown module)"))
1608127318903	Marionette	INFO	Listening on port 38813

(/usr/lib/firefox/firefox:67975): GLib-GObject-WARNING **: 17:01:58.912: invalid (NULL) pointer instance

(/usr/lib/firefox/firefox:67975): GLib-GObject-CRITICAL **: 17:01:58.912: g_signal_connect_data: assertion 'G_TYPE_CHECK_INSTANCE (instance)' failed
1608127318999	Marionette	WARN	TLS certificate errors will be ignored for this session
JavaScript warning: https://mc.yandex.ru/metrika/tag.js, line 105: WebGL warning: <Create>: Can't use WebGL in headless mode (https://bugzil.la/1375585).
JavaScript warning: https://mc.yandex.ru/metrika/tag.js, line 105: Failed to create WebGL context: WebGL creation failed: 
* Can't use WebGL in headless mode (https://bugzil.la/1375585).
JavaScript warning: https://mc.yandex.ru/metrika/tag.js, line 105: WebGL warning: <Create>: Can't use WebGL in headless mode (https://bugzil.la/1375585).
JavaScript warning: https://mc.yandex.ru/metrika/tag.js, line 105: Failed to create WebGL context: WebGL creation failed: 
* Can't use WebGL in headless mode (https://bugzil.la/1375585).
1608127333632	Marionette	INFO	Stopped listening on port 38813

###!!! [Parent][RunMessage] Error: Channel closing: too late to send/recv, messages will be lost

1608127350559	geckodriver	INFO	Listening on 127.0.0.1:45641
1608127350566	mozrunner::runner	INFO	Running command: "/usr/bin/firefox" "--marionette" "-headless" "-foreground" "-no-remote" "-profile" "/tmp/rust_mozprofileuRWpZF"
*** You are running in headless mode.

(firefox:68078): GLib-GObject-WARNING **: 17:02:31.014: invalid (NULL) pointer instance

(firefox:68078): GLib-GObject-CRITICAL **: 17:02:31.014: g_signal_connect_data: assertion 'G_TYPE_CHECK_INSTANCE (instance)' failed

(/usr/lib/firefox/firefox:68215): GLib-GObject-WARNING **: 17:02:31.461: invalid (NULL) pointer instance

(/usr/lib/firefox/firefox:68215): GLib-GObject-CRITICAL **: 17:02:31.461: g_signal_connect_data: assertion 'G_TYPE_CHECK_INSTANCE (instance)' failed

(/usr/lib/firefox/firefox:68234): GLib-GObject-WARNING **: 17:02:31.562: invalid (NULL) pointer instance

(/usr/lib/firefox/firefox:68234): GLib-GObject-CRITICAL **: 17:02:31.562: g_signal_connect_data: assertion 'G_TYPE_CHECK_INSTANCE (instance)' failed
console.warn: SearchSettings: "get: No settings file exists, new profile?" (new Error("", "(unknown module)"))
1608127352497	Marionette	INFO	Listening on port 34019

(/usr/lib/firefox/firefox:68303): GLib-GObject-WARNING **: 17:02:32.508: invalid (NULL) pointer instance

(/usr/lib/firefox/firefox:68303): GLib-GObject-CRITICAL **: 17:02:32.508: g_signal_connect_data: assertion 'G_TYPE_CHECK_INSTANCE (instance)' failed
1608127352593	Marionette	WARN	TLS certificate errors will be ignored for this session
JavaScript warning: https://mc.yandex.ru/metrika/tag.js, line 404: WebGL warning: <Create>: Can't use WebGL in headless mode (https://bugzil.la/1375585).
JavaScript warning: https://mc.yandex.ru/metrika/tag.js, line 404: Failed to create WebGL context: WebGL creation failed: 
* Can't use WebGL in headless mode (https://bugzil.la/1375585).
1608127363908	Marionette	INFO	Stopped listening on port 34019
1608128194982	geckodriver	INFO	Listening on 127.0.0.1:47467
1608128194988	mozrunner::runner	INFO	Running command: "/usr/bin/firefox" "--marionette" "-headless" "-foreground" "-no-remote" "-profile" "/tmp/rust_mozprofileNTRooH"
*** You are running in headless mode.

(firefox:69990): GLib-GObject-WARNING **: 17:16:35.436: invalid (NULL) pointer instance

(firefox:69990): GLib-GObject-CRITICAL **: 17:16:35.436: g_signal_connect_data: assertion 'G_TYPE_CHECK_INSTANCE (instance)' failed

(/usr/lib/firefox/firefox:70113): GLib-GObject-WARNING **: 17:16:35.882: invalid (NULL) pointer instance

(/usr/lib/firefox/firefox:70113): GLib-GObject-CRITICAL **: 17:16:35.882: g_signal_connect_data: assertion 'G_TYPE_CHECK_INSTANCE (instance)' failed

(/usr/lib/firefox/firefox:70130): GLib-GObject-WARNING **: 17:16:35.983: invalid (NULL) pointer instance

(/usr/lib/firefox/firefox:70130): GLib-GObject-CRITICAL **: 17:16:35.983: g_signal_connect_data: assertion 'G_TYPE_CHECK_INSTANCE (instance)' failed
console.warn: SearchSettings: "get: No settings file exists, new profile?" (new Error("", "(unknown module)"))
1608128196940	Marionette	INFO	Listening on port 36367

(/usr/lib/firefox/firefox:70198): GLib-GObject-WARNING **: 17:16:36.942: invalid (NULL) pointer instance

(/usr/lib/firefox/firefox:70198): GLib-GObject-CRITICAL **: 17:16:36.942: g_signal_connect_data: assertion 'G_TYPE_CHECK_INSTANCE (instance)' failed
1608128197021	Marionette	WARN	TLS certificate errors will be ignored for this session
JavaScript error: https://cdn.ampproject.org/rtv/012010270040000/amp4ads-v0.mjs, line 1: Error: Failed to load: https://tpc.googlesyndication.com/pagead/images/abg/icon.png​​​
JavaScript error: https://cdn.ampproject.org/rtv/012010270040000/amp4ads-v0.mjs, line 1: Error: Failed to load: https://tpc.googlesyndication.com/pagead/images/abg/ru.png​​​
JavaScript warning: https://mc.yandex.ru/metrika/tag.js, line 404: WebGL warning: <Create>: Can't use WebGL in headless mode (https://bugzil.la/1375585).
JavaScript warning: https://mc.yandex.ru/metrika/tag.js, line 404: Failed to create WebGL context: WebGL creation failed: 
* Can't use WebGL in headless mode (https://bugzil.la/1375585).
1608128211541	Marionette	INFO	Stopped listening on port 36367
1608128803509	geckodriver	INFO	Listening on 127.0.0.1:44595
1608128803516	mozrunner::runner	INFO	Running command: "/usr/bin/firefox" "--marionette" "-headless" "-foreground" "-no-remote" "-profile" "/tmp/rust_mozprofileq0Ybng"
*** You are running in headless mode.

(firefox:70863): GLib-GObject-WARNING **: 17:26:43.965: invalid (NULL) pointer instance

(firefox:70863): GLib-GObject-CRITICAL **: 17:26:43.965: g_signal_connect_data: assertion 'G_TYPE_CHECK_INSTANCE (instance)' failed

(/usr/lib/firefox/firefox:70987): GLib-GObject-WARNING **: 17:26:44.406: invalid (NULL) pointer instance

(/usr/lib/firefox/firefox:70987): GLib-GObject-CRITICAL **: 17:26:44.406: g_signal_connect_data: assertion 'G_TYPE_CHECK_INSTANCE (instance)' failed

(/usr/lib/firefox/firefox:71005): GLib-GObject-WARNING **: 17:26:44.505: invalid (NULL) pointer instance

(/usr/lib/firefox/firefox:71005): GLib-GObject-CRITICAL **: 17:26:44.505: g_signal_connect_data: assertion 'G_TYPE_CHECK_INSTANCE (instance)' failed
console.warn: SearchSettings: "get: No settings file exists, new profile?" (new Error("", "(unknown module)"))
1608128805421	Marionette	INFO	Listening on port 45603

(/usr/lib/firefox/firefox:71073): GLib-GObject-WARNING **: 17:26:45.427: invalid (NULL) pointer instance

(/usr/lib/firefox/firefox:71073): GLib-GObject-CRITICAL **: 17:26:45.427: g_signal_connect_data: assertion 'G_TYPE_CHECK_INSTANCE (instance)' failed
1608128805548	Marionette	WARN	TLS certificate errors will be ignored for this session
JavaScript warning: https://mc.yandex.ru/metrika/tag.js, line 404: WebGL warning: <Create>: Can't use WebGL in headless mode (https://bugzil.la/1375585).
JavaScript warning: https://mc.yandex.ru/metrika/tag.js, line 404: Failed to create WebGL context: WebGL creation failed: 
* Can't use WebGL in headless mode (https://bugzil.la/1375585).
1608128847060	Marionette	INFO	Stopped listening on port 45603
1608128920421	geckodriver	INFO	Listening on 127.0.0.1:44213
1608128920427	mozrunner::runner	INFO	Running command: "/usr/bin/firefox" "--marionette" "-headless" "-foreground" "-no-remote" "-profile" "/tmp/rust_mozprofileSvRcHA"
*** You are running in headless mode.

(firefox:71205): GLib-GObject-WARNING **: 17:28:40.875: invalid (NULL) pointer instance

(firefox:71205): GLib-GObject-CRITICAL **: 17:28:40.875: g_signal_connect_data: assertion 'G_TYPE_CHECK_INSTANCE (instance)' failed

(/usr/lib/firefox/firefox:71332): GLib-GObject-WARNING **: 17:28:41.313: invalid (NULL) pointer instance

(/usr/lib/firefox/firefox:71332): GLib-GObject-CRITICAL **: 17:28:41.313: g_signal_connect_data: assertion 'G_TYPE_CHECK_INSTANCE (instance)' failed

(/usr/lib/firefox/firefox:71351): GLib-GObject-WARNING **: 17:28:41.412: invalid (NULL) pointer instance

(/usr/lib/firefox/firefox:71351): GLib-GObject-CRITICAL **: 17:28:41.412: g_signal_connect_data: assertion 'G_TYPE_CHECK_INSTANCE (instance)' failed
console.warn: SearchSettings: "get: No settings file exists, new profile?" (new Error("", "(unknown module)"))
1608128922382	Marionette	INFO	Listening on port 33527

(/usr/lib/firefox/firefox:71418): GLib-GObject-WARNING **: 17:28:42.390: invalid (NULL) pointer instance

(/usr/lib/firefox/firefox:71418): GLib-GObject-CRITICAL **: 17:28:42.390: g_signal_connect_data: assertion 'G_TYPE_CHECK_INSTANCE (instance)' failed
1608128922460	Marionette	WARN	TLS certificate errors will be ignored for this session
JavaScript warning: https://mc.yandex.ru/metrika/tag.js, line 105: WebGL warning: <Create>: Can't use WebGL in headless mode (https://bugzil.la/1375585).
JavaScript warning: https://mc.yandex.ru/metrika/tag.js, line 105: Failed to create WebGL context: WebGL creation failed: 
* Can't use WebGL in headless mode (https://bugzil.la/1375585).
JavaScript warning: https://mc.yandex.ru/metrika/tag.js, line 105: WebGL warning: <Create>: Can't use WebGL in headless mode (https://bugzil.la/1375585).
JavaScript warning: https://mc.yandex.ru/metrika/tag.js, line 105: Failed to create WebGL context: WebGL creation failed: 
* Can't use WebGL in headless mode (https://bugzil.la/1375585).
JavaScript warning: https://pagead2.googlesyndication.com/bg/PbZvCEkorD5rxjWOexle1_regFmuc5-vrUA2zacPm4s.js line 1 > eval line 6801 > eval, line 1: WebGL warning: <Create>: Can't use WebGL in headless mode (https://bugzil.la/1375585).
JavaScript warning: https://pagead2.googlesyndication.com/bg/PbZvCEkorD5rxjWOexle1_regFmuc5-vrUA2zacPm4s.js line 1 > eval line 6801 > eval, line 1: Failed to create WebGL context: WebGL creation failed: 
* Can't use WebGL in headless mode (https://bugzil.la/1375585).
JavaScript error: , line 0: NotFoundError: No such JSWindowActor 'MarionetteEvents'
JavaScript error: , line 0: NotFoundError: No such JSWindowActor 'MarionetteEvents'
JavaScript error: , line 0: uncaught exception: undefined
JavaScript error: , line 0: uncaught exception: 7
JavaScript error: , line 0: NotFoundError: No such JSWindowActor 'MarionetteEvents'
JavaScript error: , line 0: NotFoundError: No such JSWindowActor 'MarionetteEvents'
JavaScript error: , line 0: NotFoundError: No such JSWindowActor 'MarionetteEvents'
JavaScript error: , line 0: NotFoundError: No such JSWindowActor 'MarionetteEvents'
JavaScript error: , line 0: NotFoundError: No such JSWindowActor 'MarionetteEvents'
JavaScript error: , line 0: NotFoundError: No such JSWindowActor 'MarionetteEvents'
JavaScript error: , line 0: NotFoundError: No such JSWindowActor 'MarionetteEvents'
JavaScript error: , line 0: NotFoundError: No such JSWindowActor 'MarionetteEvents'
JavaScript warning: https://pagead2.googlesyndication.com/bg/PbZvCEkorD5rxjWOexle1_regFmuc5-vrUA2zacPm4s.js line 1 > eval line 3400 > eval, line 1: WebGL warning: <Create>: Can't use WebGL in headless mode (https://bugzil.la/1375585).
JavaScript warning: https://pagead2.googlesyndication.com/bg/PbZvCEkorD5rxjWOexle1_regFmuc5-vrUA2zacPm4s.js line 1 > eval line 3400 > eval, line 1: Failed to create WebGL context: WebGL creation failed: 
* Can't use WebGL in headless mode (https://bugzil.la/1375585).
JavaScript error: , line 0: NotFoundError: No such JSWindowActor 'MarionetteEvents'
JavaScript error: , line 0: NotFoundError: No such JSWindowActor 'MarionetteEvents'
JavaScript error: , line 0: NotFoundError: No such JSWindowActor 'MarionetteEvents'
JavaScript error: , line 0: NotFoundError: No such JSWindowActor 'MarionetteEvents'
JavaScript error: , line 0: uncaught exception: undefined
JavaScript warning: https://pagead2.googlesyndication.com/bg/UBVKjIgL52oAupqoau5bmS4QFq3D8gEqQe5TpWWG23I.js line 1 > eval line 379 > eval line 1 > eval, line 1: WebGL warning: <Create>: Can't use WebGL in headless mode (https://bugzil.la/1375585).
JavaScript warning: https://pagead2.googlesyndication.com/bg/UBVKjIgL52oAupqoau5bmS4QFq3D8gEqQe5TpWWG23I.js line 1 > eval line 379 > eval line 1 > eval, line 1: Failed to create WebGL context: WebGL creation failed: 
* Can't use WebGL in headless mode (https://bugzil.la/1375585).
JavaScript warning: https://pagead2.googlesyndication.com/bg/UBVKjIgL52oAupqoau5bmS4QFq3D8gEqQe5TpWWG23I.js line 1 > eval line 4171 > eval line 1 > eval, line 1: WebGL warning: <Create>: Can't use WebGL in headless mode (https://bugzil.la/1375585).
JavaScript warning: https://pagead2.googlesyndication.com/bg/UBVKjIgL52oAupqoau5bmS4QFq3D8gEqQe5TpWWG23I.js line 1 > eval line 4171 > eval line 1 > eval, line 1: Failed to create WebGL context: WebGL creation failed: 
* Can't use WebGL in headless mode (https://bugzil.la/1375585).
JavaScript warning: https://pagead2.googlesyndication.com/bg/PbZvCEkorD5rxjWOexle1_regFmuc5-vrUA2zacPm4s.js line 1 > eval line 538 > eval, line 1: WebGL warning: <Create>: Can't use WebGL in headless mode (https://bugzil.la/1375585).
JavaScript warning: https://pagead2.googlesyndication.com/bg/PbZvCEkorD5rxjWOexle1_regFmuc5-vrUA2zacPm4s.js line 1 > eval line 538 > eval, line 1: Failed to create WebGL context: WebGL creation failed: 
* Can't use WebGL in headless mode (https://bugzil.la/1375585).
JavaScript error: , line 0: NotFoundError: No such JSWindowActor 'MarionetteEvents'
JavaScript error: , line 0: NotFoundError: No such JSWindowActor 'MarionetteEvents'
JavaScript warning: https://pagead2.googlesyndication.com/bg/PbZvCEkorD5rxjWOexle1_regFmuc5-vrUA2zacPm4s.js line 1 > eval line 3595 > eval, line 1: WebGL warning: <Create>: Can't use WebGL in headless mode (https://bugzil.la/1375585).
JavaScript warning: https://pagead2.googlesyndication.com/bg/PbZvCEkorD5rxjWOexle1_regFmuc5-vrUA2zacPm4s.js line 1 > eval line 3595 > eval, line 1: Failed to create WebGL context: WebGL creation failed: 
* Can't use WebGL in headless mode (https://bugzil.la/1375585).
JavaScript warning: https://pagead2.googlesyndication.com/bg/PbZvCEkorD5rxjWOexle1_regFmuc5-vrUA2zacPm4s.js line 1 > eval line 2531 > eval line 1 > eval, line 1: WebGL warning: <Create>: Can't use WebGL in headless mode (https://bugzil.la/1375585).
JavaScript warning: https://pagead2.googlesyndication.com/bg/PbZvCEkorD5rxjWOexle1_regFmuc5-vrUA2zacPm4s.js line 1 > eval line 2531 > eval line 1 > eval, line 1: Failed to create WebGL context: WebGL creation failed: 
* Can't use WebGL in headless mode (https://bugzil.la/1375585).
IPDL protocol error: Handler returned error code!

###!!! [Parent][DispatchAsyncMessage] Error: PMessagePort::Msg_PostMessages Processing error: message was deserialized, but the handler returned false (indicating failure)

JavaScript error: , line 0: NotFoundError: No such JSWindowActor 'MarionetteEvents'
JavaScript error: , line 0: NotFoundError: No such JSWindowActor 'MarionetteEvents'
JavaScript error: , line 0: uncaught exception: undefined
JavaScript error: , line 0: NotFoundError: No such JSWindowActor 'MarionetteEvents'
JavaScript error: , line 0: NotFoundError: No such JSWindowActor 'MarionetteEvents'
JavaScript error: , line 0: NotFoundError: No such JSWindowActor 'MarionetteEvents'
JavaScript error: , line 0: NotFoundError: No such JSWindowActor 'MarionetteEvents'
JavaScript error: , line 0: uncaught exception: undefined
JavaScript warning: https://pagead2.googlesyndication.com/bg/PbZvCEkorD5rxjWOexle1_regFmuc5-vrUA2zacPm4s.js line 1 > eval line 1348 > eval, line 1: WebGL warning: <Create>: Can't use WebGL in headless mode (https://bugzil.la/1375585).
JavaScript warning: https://pagead2.googlesyndication.com/bg/PbZvCEkorD5rxjWOexle1_regFmuc5-vrUA2zacPm4s.js line 1 > eval line 1348 > eval, line 1: Failed to create WebGL context: WebGL creation failed: 
* Can't use WebGL in headless mode (https://bugzil.la/1375585).
JavaScript warning: https://pagead2.googlesyndication.com/bg/UBVKjIgL52oAupqoau5bmS4QFq3D8gEqQe5TpWWG23I.js line 1 > eval line 4624 > eval, line 1: WebGL warning: <Create>: Can't use WebGL in headless mode (https://bugzil.la/1375585).
JavaScript warning: https://pagead2.googlesyndication.com/bg/UBVKjIgL52oAupqoau5bmS4QFq3D8gEqQe5TpWWG23I.js line 1 > eval line 4624 > eval, line 1: Failed to create WebGL context: WebGL creation failed: 
* Can't use WebGL in headless mode (https://bugzil.la/1375585).
JavaScript warning: https://pagead2.googlesyndication.com/bg/UBVKjIgL52oAupqoau5bmS4QFq3D8gEqQe5TpWWG23I.js line 1 > eval line 286 > eval line 1 > eval, line 1: WebGL warning: <Create>: Can't use WebGL in headless mode (https://bugzil.la/1375585).
JavaScript warning: https://pagead2.googlesyndication.com/bg/UBVKjIgL52oAupqoau5bmS4QFq3D8gEqQe5TpWWG23I.js line 1 > eval line 286 > eval line 1 > eval, line 1: Failed to create WebGL context: WebGL creation failed: 
* Can't use WebGL in headless mode (https://bugzil.la/1375585).
IPDL protocol error: Handler returned error code!

###!!! [Parent][DispatchAsyncMessage] Error: PMessagePort::Msg_PostMessages Processing error: message was deserialized, but the handler returned false (indicating failure)

JavaScript warning: https://pagead2.googlesyndication.com/bg/UBVKjIgL52oAupqoau5bmS4QFq3D8gEqQe5TpWWG23I.js line 1 > eval line 387 > eval, line 1: WebGL warning: <Create>: Can't use WebGL in headless mode (https://bugzil.la/1375585).
JavaScript warning: https://pagead2.googlesyndication.com/bg/UBVKjIgL52oAupqoau5bmS4QFq3D8gEqQe5TpWWG23I.js line 1 > eval line 387 > eval, line 1: Failed to create WebGL context: WebGL creation failed: 
* Can't use WebGL in headless mode (https://bugzil.la/1375585).
JavaScript warning: https://pagead2.googlesyndication.com/bg/PbZvCEkorD5rxjWOexle1_regFmuc5-vrUA2zacPm4s.js line 1 > eval line 833 > eval, line 1: WebGL warning: <Create>: Can't use WebGL in headless mode (https://bugzil.la/1375585).
JavaScript warning: https://pagead2.googlesyndication.com/bg/PbZvCEkorD5rxjWOexle1_regFmuc5-vrUA2zacPm4s.js line 1 > eval line 833 > eval, line 1: Failed to create WebGL context: WebGL creation failed: 
* Can't use WebGL in headless mode (https://bugzil.la/1375585).
JavaScript warning: https://pagead2.googlesyndication.com/bg/UBVKjIgL52oAupqoau5bmS4QFq3D8gEqQe5TpWWG23I.js line 1 > eval line 5468 > eval line 1 > eval, line 1: WebGL warning: <Create>: Can't use WebGL in headless mode (https://bugzil.la/1375585).
JavaScript warning: https://pagead2.googlesyndication.com/bg/UBVKjIgL52oAupqoau5bmS4QFq3D8gEqQe5TpWWG23I.js line 1 > eval line 5468 > eval line 1 > eval, line 1: Failed to create WebGL context: WebGL creation failed: 
* Can't use WebGL in headless mode (https://bugzil.la/1375585).
JavaScript warning: https://pagead2.googlesyndication.com/bg/UBVKjIgL52oAupqoau5bmS4QFq3D8gEqQe5TpWWG23I.js line 1 > eval line 2239 > eval line 1 > eval, line 1: WebGL warning: <Create>: Can't use WebGL in headless mode (https://bugzil.la/1375585).
JavaScript warning: https://pagead2.googlesyndication.com/bg/UBVKjIgL52oAupqoau5bmS4QFq3D8gEqQe5TpWWG23I.js line 1 > eval line 2239 > eval line 1 > eval, line 1: Failed to create WebGL context: WebGL creation failed: 
* Can't use WebGL in headless mode (https://bugzil.la/1375585).
JavaScript error: , line 0: NotFoundError: No such JSWindowActor 'MarionetteEvents'
JavaScript error: , line 0: NotFoundError: No such JSWindowActor 'MarionetteEvents'
JavaScript warning: https://pagead2.googlesyndication.com/bg/PbZvCEkorD5rxjWOexle1_regFmuc5-vrUA2zacPm4s.js line 1 > eval line 7530 > eval line 1 > eval, line 1: WebGL warning: <Create>: Can't use WebGL in headless mode (https://bugzil.la/1375585).
JavaScript warning: https://pagead2.googlesyndication.com/bg/PbZvCEkorD5rxjWOexle1_regFmuc5-vrUA2zacPm4s.js line 1 > eval line 7530 > eval line 1 > eval, line 1: Failed to create WebGL context: WebGL creation failed: 
* Can't use WebGL in headless mode (https://bugzil.la/1375585).
JavaScript error: , line 0: NotFoundError: No such JSWindowActor 'MarionetteEvents'
JavaScript error: , line 0: NotFoundError: No such JSWindowActor 'MarionetteEvents'
JavaScript warning: https://pagead2.googlesyndication.com/bg/PbZvCEkorD5rxjWOexle1_regFmuc5-vrUA2zacPm4s.js line 1 > eval line 745 > eval line 1 > eval, line 1: WebGL warning: <Create>: Can't use WebGL in headless mode (https://bugzil.la/1375585).
JavaScript warning: https://pagead2.googlesyndication.com/bg/PbZvCEkorD5rxjWOexle1_regFmuc5-vrUA2zacPm4s.js line 1 > eval line 745 > eval line 1 > eval, line 1: Failed to create WebGL context: WebGL creation failed: 
* Can't use WebGL in headless mode (https://bugzil.la/1375585).
JavaScript warning: https://pagead2.googlesyndication.com/bg/PbZvCEkorD5rxjWOexle1_regFmuc5-vrUA2zacPm4s.js line 1 > eval line 4011 > eval, line 1: WebGL warning: <Create>: Can't use WebGL in headless mode (https://bugzil.la/1375585).
JavaScript warning: https://pagead2.googlesyndication.com/bg/PbZvCEkorD5rxjWOexle1_regFmuc5-vrUA2zacPm4s.js line 1 > eval line 4011 > eval, line 1: Failed to create WebGL context: WebGL creation failed: 
* Can't use WebGL in headless mode (https://bugzil.la/1375585).
JavaScript error: , line 0: NotFoundError: No such JSWindowActor 'MarionetteEvents'
JavaScript error: , line 0: NotFoundError: No such JSWindowActor 'MarionetteEvents'
JavaScript error: , line 0: uncaught exception: undefined
JavaScript warning: https://pagead2.googlesyndication.com/bg/PbZvCEkorD5rxjWOexle1_regFmuc5-vrUA2zacPm4s.js line 1 > eval line 4049 > eval line 1 > eval, line 1: WebGL warning: <Create>: Can't use WebGL in headless mode (https://bugzil.la/1375585).
JavaScript warning: https://pagead2.googlesyndication.com/bg/PbZvCEkorD5rxjWOexle1_regFmuc5-vrUA2zacPm4s.js line 1 > eval line 4049 > eval line 1 > eval, line 1: Failed to create WebGL context: WebGL creation failed: 
* Can't use WebGL in headless mode (https://bugzil.la/1375585).
JavaScript error: , line 0: NotFoundError: No such JSWindowActor 'MarionetteEvents'
JavaScript error: , line 0: NotFoundError: No such JSWindowActor 'MarionetteEvents'
JavaScript warning: https://pagead2.googlesyndication.com/bg/UBVKjIgL52oAupqoau5bmS4QFq3D8gEqQe5TpWWG23I.js line 1 > eval line 2156 > eval line 1 > eval, line 1: WebGL warning: <Create>: Can't use WebGL in headless mode (https://bugzil.la/1375585).
JavaScript warning: https://pagead2.googlesyndication.com/bg/UBVKjIgL52oAupqoau5bmS4QFq3D8gEqQe5TpWWG23I.js line 1 > eval line 2156 > eval line 1 > eval, line 1: Failed to create WebGL context: WebGL creation failed: 
* Can't use WebGL in headless mode (https://bugzil.la/1375585).
JavaScript error: , line 0: NotFoundError: No such JSWindowActor 'MarionetteEvents'
JavaScript error: , line 0: NotFoundError: No such JSWindowActor 'MarionetteEvents'
JavaScript warning: https://pagead2.googlesyndication.com/bg/PbZvCEkorD5rxjWOexle1_regFmuc5-vrUA2zacPm4s.js line 1 > eval line 1477 > eval, line 1: WebGL warning: <Create>: Can't use WebGL in headless mode (https://bugzil.la/1375585).
JavaScript warning: https://pagead2.googlesyndication.com/bg/PbZvCEkorD5rxjWOexle1_regFmuc5-vrUA2zacPm4s.js line 1 > eval line 1477 > eval, line 1: Failed to create WebGL context: WebGL creation failed: 
* Can't use WebGL in headless mode (https://bugzil.la/1375585).
JavaScript error: , line 0: NotFoundError: No such JSWindowActor 'MarionetteEvents'
JavaScript error: , line 0: NotFoundError: No such JSWindowActor 'MarionetteEvents'
JavaScript warning: https://pagead2.googlesyndication.com/bg/UBVKjIgL52oAupqoau5bmS4QFq3D8gEqQe5TpWWG23I.js line 1 > eval line 1763 > eval line 1 > eval, line 1: WebGL warning: <Create>: Can't use WebGL in headless mode (https://bugzil.la/1375585).
JavaScript warning: https://pagead2.googlesyndication.com/bg/UBVKjIgL52oAupqoau5bmS4QFq3D8gEqQe5TpWWG23I.js line 1 > eval line 1763 > eval line 1 > eval, line 1: Failed to create WebGL context: WebGL creation failed: 
* Can't use WebGL in headless mode (https://bugzil.la/1375585).
