2020-12-18 19:32:31 [scrapy] DEBUG: Crawled (200) <GET https://ab.onliner.by/robots.txt> (referer: None)
2020-12-18 19:32:31 [scrapy] DEBUG: Crawled (200) <GET https://ab.onliner.by/audi> (referer: None)
2020-12-18 19:32:46 [scrapy] DEBUG: Scraped from <200 https://ab.onliner.by/audi>
{'img': 'https://content.onliner.by/automarket/220319/380x240/ff5c525a8ac49a356c6588d7170a0d07.jpeg',
 'name': 'Audi Q7 II (4M) S-line',
 'price': '43 500 $ / 35 578 €'}
2020-12-18 19:32:46 [scrapy] DEBUG: Scraped from <200 https://ab.onliner.by/audi>
{'img': 'https://content.onliner.by/automarket/149756/380x240/beaba82fda70d67fdbdea8c947b30737.jpeg',
 'name': 'Audi A6 C7',
 'price': '19 500 $ / 15 949 €'}
2020-12-18 19:32:46 [scrapy] DEBUG: Scraped from <200 https://ab.onliner.by/audi>
{'img': 'https://content.onliner.by/automarket/2558581/380x240/d22211fd799cd338dbbc5d0fc9e43947.jpeg',
 'name': 'Audi A6 C8',
 'price': '49 500 $ / 40 485 €'}
2020-12-18 19:32:46 [scrapy] DEBUG: Scraped from <200 https://ab.onliner.by/audi>
{'img': 'https://content.onliner.by/automarket/2558581/380x240/633ef6a3d3932b430d164cd053d939b5.jpeg',
 'name': 'Audi A5 I (8T) Рестайлинг',
 'price': '20 900 $ / 17 094 €'}
2020-12-18 19:32:46 [scrapy] DEBUG: Scraped from <200 https://ab.onliner.by/audi>
{'img': 'https://content.onliner.by/automarket/2484171/380x240/97184ab150450718a3eed60e61e4b945.jpeg',
 'name': 'Audi A6 C6 Рестайлинг Ат',
 'price': '9400 $ / 7688 €'}
2020-12-18 19:32:46 [scrapy] DEBUG: Scraped from <200 https://ab.onliner.by/audi>
{'img': 'https://content.onliner.by/automarket/3161946/380x240/9e2e93c71c062a0ecf372881ed887c28.jpeg',
 'name': 'Audi A8 D2 Рестайлинг',
 'price': '5500 $ / 4498 €'}
2020-12-18 19:32:46 [scrapy] DEBUG: Scraped from <200 https://ab.onliner.by/audi>
{'img': 'https://content.onliner.by/automarket/1919428/380x240/47e255ebe6bea9e15e16f3b90be16f4e.jpeg',
 'name': 'Audi Q5 I (8R) Рестайлинг',
 'price': '17 980 $ / 14 706 €'}
2020-12-18 19:32:46 [scrapy] DEBUG: Scraped from <200 https://ab.onliner.by/audi>
{'img': 'https://content.onliner.by/automarket/384981/380x240/944e876fc47d9042065fe194ba7612e9.jpeg',
 'name': 'Audi A4 B8',
 'price': '8500 $ / 6952 €'}
2020-12-18 19:32:46 [scrapy] DEBUG: Scraped from <200 https://ab.onliner.by/audi>
{'img': 'https://content.onliner.by/automarket/277628/380x240/086e5d6eefca2232bc3653d63e8f0fe8.jpeg',
 'name': 'Audi A4 B5 Рестайлинг 2.8 Quattro / Maxi Full',
 'price': '4980 $ / 4073 €'}
2020-12-18 19:32:46 [scrapy] DEBUG: Scraped from <200 https://ab.onliner.by/audi>
{'img': 'https://content.onliner.by/automarket/2758481/380x240/bafac929820c1cc2a820c3e38a08ae3e.jpeg',
 'name': 'Audi 100 C4',
 'price': '1800 $ / 1472 €'}
2020-12-18 19:32:46 [scrapy] DEBUG: Scraped from <200 https://ab.onliner.by/audi>
{'img': 'https://content.onliner.by/automarket/540100/380x240/178c8344f5185461703f06c7eb322a1a.jpeg',
 'name': 'Audi A3 II (8P) Рестайлинг',
 'price': '7000 $ / 5725 €'}
2020-12-18 19:32:46 [scrapy] DEBUG: Scraped from <200 https://ab.onliner.by/audi>
{'img': 'https://content.onliner.by/automarket/681988/380x240/eebd0009e3cf59eca7afa3c498f42834.jpeg',
 'name': 'Audi 100 С3',
 'price': '1000 $ / 818 €'}
2020-12-18 19:32:46 [scrapy] DEBUG: Scraped from <200 https://ab.onliner.by/audi>
{'img': 'https://content.onliner.by/automarket/2192552/380x240/90cd9027eaf782bdf58571a3837e2b15.jpeg',
 'name': 'Audi A6 C7 Рестайлинг',
 'price': '20 300 $ / 16 603 €'}
2020-12-18 19:32:46 [scrapy] DEBUG: Scraped from <200 https://ab.onliner.by/audi>
{'img': 'https://content.onliner.by/automarket/481726/380x240/3003b6cada4615ec58ab48716adb0e39.jpeg',
 'name': 'Audi 100 С3',
 'price': '876 $ / 717 €'}
2020-12-18 19:32:46 [scrapy] DEBUG: Scraped from <200 https://ab.onliner.by/audi>
{'img': 'https://content.onliner.by/automarket/3193915/380x240/32aaf9c64a5e643c4d2344b67624dba6.jpeg',
 'name': 'Audi A6 C5 Рестайлинг',
 'price': '5000 $ / 4089 €'}
2020-12-18 19:32:46 [scrapy] DEBUG: Scraped from <200 https://ab.onliner.by/audi>
{'img': 'https://content.onliner.by/automarket/2382949/380x240/cd7156587c3b3c628fc9088db90f1e99.jpeg',
 'name': 'Audi A5 I (8T)',
 'price': '8950 $ / 7320 €'}
2020-12-18 19:32:46 [scrapy] DEBUG: Scraped from <200 https://ab.onliner.by/audi>
{'img': 'https://content.onliner.by/automarket/1046799/380x240/1314afe649bd65029a31a7530b484fab.jpeg',
 'name': 'Audi 100 С3',
 'price': '1000 $ / 818 €'}
2020-12-18 19:32:46 [scrapy] DEBUG: Scraped from <200 https://ab.onliner.by/audi>
{'img': 'https://content.onliner.by/automarket/222246/380x240/bae3c8522596394bf58a9a9f1ba24674.jpeg',
 'name': 'Audi A6 C6',
 'price': '7700 $ / 6298 €'}
2020-12-18 19:32:46 [scrapy] DEBUG: Scraped from <200 https://ab.onliner.by/audi>
{'img': 'https://content.onliner.by/automarket/1147381/380x240/99e1d538e3b4eba0e5e4f9125350b2ad.jpeg',
 'name': 'Audi A5 I (8T) Quattro',
 'price': '8800 $ / 7197 €'}
2020-12-18 19:32:46 [scrapy] DEBUG: Scraped from <200 https://ab.onliner.by/audi>
{'img': 'https://content.onliner.by/automarket/496620/380x240/7b0b39d48727b618668390b5ee4a7439.jpeg',
 'name': 'Audi A5 I (8T)',
 'price': '9200 $ / 7525 €'}
2020-12-18 19:32:46 [scrapy] DEBUG: Scraped from <200 https://ab.onliner.by/audi>
{'img': 'https://content.onliner.by/automarket/198454/380x240/54a554d124d38df891dcadb362009e9f.jpeg',
 'name': 'Audi Q5 I (8R) 2.0 TFSI Quattro',
 'price': '12 500 $ / 10 224 €'}
2020-12-18 19:32:46 [scrapy] DEBUG: Scraped from <200 https://ab.onliner.by/audi>
{'img': 'https://content.onliner.by/automarket/1719701/380x240/258574c0568e9dc7d6c541373966dd93.jpeg',
 'name': 'Audi A6 C5 Рестайлинг С5',
 'price': '5500 $ / 4498 €'}
2020-12-18 19:32:46 [scrapy] DEBUG: Scraped from <200 https://ab.onliner.by/audi>
{'img': 'https://content.onliner.by/automarket/3083526/380x240/ec588a5ed6b3a8608081a21dc1ef54e4.jpeg',
 'name': 'Audi A4 B8',
 'price': '8500 $ / 6952 €'}
2020-12-18 19:32:46 [scrapy] DEBUG: Scraped from <200 https://ab.onliner.by/audi>
{'img': 'https://content.onliner.by/automarket/789308/380x240/c2d98eefae6c321106ecc25e0ac36f76.jpeg',
 'name': 'Audi A8 D2',
 'price': '3999 $ / 3271 €'}
2020-12-18 19:32:46 [scrapy] DEBUG: Scraped from <200 https://ab.onliner.by/audi>
{'img': 'https://content.onliner.by/automarket/343036/380x240/d985fbfae310064d8d812cc5a2154192.jpeg',
 'name': 'Audi A6 C6',
 'price': '7999 $ / 6542 €'}
2020-12-18 19:32:46 [scrapy] DEBUG: Scraped from <200 https://ab.onliner.by/audi>
{'img': 'https://content.onliner.by/automarket/645766/380x240/91fdca8b26e9990cf6d05371fcd83248.jpeg',
 'name': 'Audi A4 B5',
 'price': '4300 $ / 3517 €'}
2020-12-18 19:32:46 [scrapy] DEBUG: Scraped from <200 https://ab.onliner.by/audi>
{'img': 'https://content.onliner.by/automarket/2469602/380x240/e76a658c180200cc6d70dd047729407b.jpeg',
 'name': 'Audi A6 C7',
 'price': '17 900 $ / 14 640 €'}
2020-12-18 19:32:46 [scrapy] DEBUG: Scraped from <200 https://ab.onliner.by/audi>
{'img': 'https://content.onliner.by/automarket/1630293/380x240/b6718c0418de1fb45fe2ccae52b066f3.jpeg',
 'name': 'Audi A6 C7 Рестайлинг',
 'price': '20 950 $ / 17 135 €'}
2020-12-18 19:32:46 [scrapy] DEBUG: Scraped from <200 https://ab.onliner.by/audi>
{'img': 'https://content.onliner.by/automarket/3193769/380x240/ee78a35e808da2e181508f4d2fe05019.jpeg',
 'name': 'Audi A6 C6 Рестайлинг',
 'price': '10 000 $ / 8179 €'}
2020-12-18 19:32:46 [scrapy] DEBUG: Scraped from <200 https://ab.onliner.by/audi>
{'img': 'https://content.onliner.by/automarket/513689/380x240/b065c0d59924630e75f8e21bc1c99217.jpeg',
 'name': 'Audi A6 C5 Рестайлинг',
 'price': '5700 $ / 4662 €'}
2020-12-18 19:32:46 [scrapy] DEBUG: Scraped from <200 https://ab.onliner.by/audi>
{'img': 'https://content.onliner.by/automarket/1a3/d4e/805628/380x240/a698948ae27633d342cfd54a089761f6.jpg',
 'name': 'Audi A4 B5 B5',
 'price': '4250 $ / 3476 €'}
2020-12-18 19:32:46 [scrapy] DEBUG: Scraped from <200 https://ab.onliner.by/audi>
{'img': 'https://content.onliner.by/automarket/3193751/380x240/2fd40b54aad491df71f66c22aa5f645a.jpeg',
 'name': 'Audi 80 B2',
 'price': '700 $ / 573 €'}
2020-12-18 19:32:46 [scrapy] DEBUG: Scraped from <200 https://ab.onliner.by/audi>
{'img': 'https://content.onliner.by/automarket/196837/380x240/d41b767be2702e00fa215629c9f1c459.jpeg',
 'name': 'Audi 80 B3 Пломбир)',
 'price': '2500 $ / 2045 €'}
2020-12-18 19:32:46 [scrapy] DEBUG: Scraped from <200 https://ab.onliner.by/audi>
{'img': 'https://content.onliner.by/automarket/2287278/380x240/58c25dedaf55fbb60d09f81233c12fef.jpeg',
 'name': 'Audi 80 B3',
 'price': '700 $ / 573 €'}
2020-12-18 19:32:46 [scrapy] DEBUG: Scraped from <200 https://ab.onliner.by/audi>
{'img': 'https://content.onliner.by/automarket/975578/380x240/57186beb99fb6aa1caac7751c88133a5.jpeg',
 'name': 'Audi 80 B3',
 'price': '1100 $ / 900 €'}
2020-12-18 19:32:46 [scrapy] DEBUG: Scraped from <200 https://ab.onliner.by/audi>
{'img': 'https://content.onliner.by/automarket/1936582/380x240/83c363896140058991ea3c83370f390e.jpeg',
 'name': 'Audi A6 C5 Рестайлинг',
 'price': '5000 $ / 4089 €'}
2020-12-18 19:32:46 [scrapy] DEBUG: Scraped from <200 https://ab.onliner.by/audi>
{'img': 'https://content.onliner.by/automarket/357560/380x240/aadfa234aaf51ed44ef35d92abc25994.jpeg',
 'name': 'Audi TT II (8J)',
 'price': '12 000 $ / 9815 €'}
2020-12-18 19:32:46 [scrapy] DEBUG: Scraped from <200 https://ab.onliner.by/audi>
{'img': 'https://content.onliner.by/automarket/1249798/380x240/401f8fab7bd60108316fc70955cf468b.jpeg',
 'name': 'Audi 80 B2',
 'price': '450 $ / 368 €'}
2020-12-18 19:32:46 [scrapy] DEBUG: Scraped from <200 https://ab.onliner.by/audi>
{'img': 'https://content.onliner.by/automarket/1710561/380x240/99a59ff7bb89e2451b63cb64272ecdcd.jpeg',
 'name': 'Audi 80 B4',
 'price': '2199 $ / 1799 €'}
2020-12-18 19:32:46 [scrapy] DEBUG: Scraped from <200 https://ab.onliner.by/audi>
{'img': 'https://content.onliner.by/automarket/136133/380x240/85c1ac8037321e2881c5d28c12d417fc.jpeg',
 'name': 'Audi A6 C7',
 'price': '14 300 $ / 11 696 €'}
2020-12-18 19:32:46 [scrapy] DEBUG: Scraped from <200 https://ab.onliner.by/audi>
{'img': 'https://content.onliner.by/automarket/322648/380x240/8cf9a1ba39abe304a59abfc86d321c59.jpeg',
 'name': 'Audi A4 B7 QUATTRO',
 'price': '7000 $ / 5725 €'}
2020-12-18 19:32:46 [scrapy] DEBUG: Scraped from <200 https://ab.onliner.by/audi>
{'img': 'https://content.onliner.by/automarket/864443/380x240/513392c8a27d280dcb73cedea17a94f5.jpeg',
 'name': 'Audi A6 C7 Рестайлинг',
 'price': '18 000 $ / 14 722 €'}
2020-12-18 19:32:46 [scrapy] DEBUG: Scraped from <200 https://ab.onliner.by/audi>
{'img': 'https://content.onliner.by/automarket/2581833/380x240/4270ecd9272b5473f2acf9ccb9327c24.jpeg',
 'name': 'Audi 80 B4',
 'price': '2400 $ / 1963 €'}
2020-12-18 19:32:46 [scrapy] DEBUG: Scraped from <200 https://ab.onliner.by/audi>
{'img': 'https://content.onliner.by/automarket/3187298/380x240/b1f7789584596288a3a97f54c4f7897f.jpeg',
 'name': 'Audi A6 C5',
 'price': '3800 $ / 3108 €'}
2020-12-18 19:32:46 [scrapy] DEBUG: Scraped from <200 https://ab.onliner.by/audi>
{'img': 'https://content.onliner.by/automarket/1130490/380x240/af99cd110f2654e9afd59d46050c7340.jpeg',
 'name': 'Audi A6 C5 Рестайлинг',
 'price': '5000 $ / 4089 €'}
2020-12-18 19:32:46 [scrapy] DEBUG: Scraped from <200 https://ab.onliner.by/audi>
{'img': 'https://content.onliner.by/automarket/1226875/380x240/d6d1471ca057c8c85204d02a3bc9cb9d.jpeg',
 'name': 'Audi A6 C5 Рестайлинг',
 'price': '5300 $ / 4335 €'}
2020-12-18 19:32:46 [scrapy] DEBUG: Scraped from <200 https://ab.onliner.by/audi>
{'img': 'https://content.onliner.by/automarket/1703428/380x240/cc43fca800b524624f811ff886453e0d.jpeg',
 'name': 'Audi 80 B2',
 'price': '450 $ / 368 €'}
2020-12-18 19:32:46 [scrapy] DEBUG: Scraped from <200 https://ab.onliner.by/audi>
{'img': 'https://content.onliner.by/automarket/2935472/380x240/098c1a48a05586c61a021fd163a80a89.jpeg',
 'name': 'Audi A6 C5 Рестайлинг',
 'price': '4700 $ / 3844 €'}
2020-12-18 19:32:46 [scrapy] DEBUG: Scraped from <200 https://ab.onliner.by/audi>
{'img': 'https://content.onliner.by/automarket/531114/380x240/3d8106c6c256ccbe69997e8f9655584f.jpeg',
 'name': 'Audi Q5 I (8R)',
 'price': '13 100 $ / 10 714 €'}
2020-12-18 19:32:46 [scrapy] DEBUG: Scraped from <200 https://ab.onliner.by/audi>
{'img': 'https://content.onliner.by/automarket/3151711/380x240/777e2b47bce45635c904181afe8d3592.jpeg',
 'name': 'Audi A6 C5 АВАНТ 2.4I',
 'price': '3999 $ / 3271 €'}
2020-12-18 19:32:46 [scrapy] DEBUG: Forbidden by robots.txt: <GET https://ab.onliner.by/bmw?page=19>
2020-12-18 19:32:46 [scrapy] INFO: Closing spider (finished)
2020-12-18 19:32:46 [scrapy] INFO: Dumping Scrapy stats:
{'downloader/exception_count': 1,
 'downloader/exception_type_count/scrapy.exceptions.IgnoreRequest': 1,
 'downloader/request_bytes': 479,
 'downloader/request_count': 2,
 'downloader/request_method_count/GET': 2,
 'downloader/response_bytes': 17730,
 'downloader/response_count': 2,
 'downloader/response_status_count/200': 2,
 'elapsed_time_seconds': 15.419873,
 'finish_reason': 'finished',
 'finish_time': datetime.datetime(2020, 12, 18, 16, 32, 46, 492948),
 'item_scraped_count': 50,
 'log_count/DEBUG': 63,
 'log_count/INFO': 7,
 'memusage/max': 116592640,
 'memusage/startup': 116592640,
 'request_depth_max': 1,
 'response_received_count': 2,
 'robotstxt/forbidden': 1,
 'robotstxt/request_count': 1,
 'robotstxt/response_count': 1,
 'robotstxt/response_status_count/200': 1,
 'scheduler/dequeued': 2,
 'scheduler/dequeued/memory': 2,
 'scheduler/enqueued': 2,
 'scheduler/enqueued/memory': 2,
 'start_time': datetime.datetime(2020, 12, 18, 16, 32, 31, 73075)}
2020-12-18 19:32:46 [scrapy] INFO: Spider closed (finished)
