2020-12-18 17:21:06 [scrapy] DEBUG: Crawled (200) <GET https://ab.onliner.by/robots.txt> (referer: None)
2020-12-18 17:21:06 [scrapy] DEBUG: Crawled (200) <GET https://ab.onliner.by/bmw> (referer: None)
2020-12-18 17:21:27 [scrapy] DEBUG: Scraped from <200 https://ab.onliner.by/bmw>
{'img': 'https://content.onliner.by/automarket/137265/380x240/0a7db1e7fa1e630c68cc57e139c56744.jpeg',
 'name': 'BMW 5 серия VI (F10/F11/F18)',
 'price': '17 800 $ / 14 558 €'}
2020-12-18 17:21:27 [scrapy] DEBUG: Scraped from <200 https://ab.onliner.by/bmw>
{'img': 'https://content.onliner.by/automarket/311959/380x240/03996f5eef45bcc17dffca25e05e29dc.jpeg',
 'name': 'BMW X6 II (F16)',
 'price': '46 900 $ / 38 359 €'}
2020-12-18 17:21:27 [scrapy] DEBUG: Scraped from <200 https://ab.onliner.by/bmw>
{'img': 'https://content.onliner.by/automarket/2568578/380x240/72b99d70bc750bb453c21f619c2f7457.jpeg',
 'name': 'BMW 7 серия V (F01/F02) F02',
 'price': '18 500 $ / 15 131 €'}
2020-12-18 17:21:27 [scrapy] DEBUG: Scraped from <200 https://ab.onliner.by/bmw>
{'img': 'https://content.onliner.by/automarket/179826/380x240/644764d74a60ca94687e8b54f8923c44.jpeg',
 'name': 'BMW X3 II (F25) Рестайлинг',
 'price': '26 500 $ / 21 674 €'}
2020-12-18 17:21:27 [scrapy] DEBUG: Scraped from <200 https://ab.onliner.by/bmw>
{'img': 'https://content.onliner.by/automarket/798945/380x240/fefe04a7349c468677d7705093e3d864.jpeg',
 'name': 'BMW 7 серия VI (G11/G12) 740d',
 'price': '52 500 $ / 42 939 €'}
2020-12-18 17:21:27 [scrapy] DEBUG: Scraped from <200 https://ab.onliner.by/bmw>
{'img': 'https://content.onliner.by/automarket/311959/380x240/7db35f29d7e294ab383a3ec92650ae41.jpeg',
 'name': 'BMW 6 серия III (F06/F12/F13) Рестайлинг M sport Limited Edition',
 'price': '71 900 $ / 58 806 €'}
2020-12-18 17:21:27 [scrapy] DEBUG: Scraped from <200 https://ab.onliner.by/bmw>
{'img': 'https://content.onliner.by/automarket/311959/380x240/2a062c812fac63286ae1ea9f61fe652e.jpeg',
 'name': 'BMW X3 III (G01) M sport',
 'price': '74 461 $ / 60 900 €'}
2020-12-18 17:21:27 [scrapy] DEBUG: Scraped from <200 https://ab.onliner.by/bmw>
{'img': 'https://content.onliner.by/automarket/2218487/380x240/508dfbcca8c3025ecd0b3f02a4782a1c.jpeg',
 'name': 'BMW 1 серия I (E8x) 116i',
 'price': '5299 $ / 4334 €'}
2020-12-18 17:21:27 [scrapy] DEBUG: Scraped from <200 https://ab.onliner.by/bmw>
{'img': 'https://content.onliner.by/automarket/916115/380x240/5fa38556ab7c48c1f73e097e62f6b8a5.jpeg',
 'name': 'BMW 5 серия IV (E39) Рестайлинг Exclusive Edition',
 'price': '6400 $ / 5234 €'}
2020-12-18 17:21:27 [scrapy] DEBUG: Scraped from <200 https://ab.onliner.by/bmw>
{'img': 'https://content.onliner.by/automarket/2324769/380x240/8df27b87afb11c1250e6d998aa1f661f.jpeg',
 'name': 'BMW 5 серия III (E34)',
 'price': '1800 $ / 1472 €'}
2020-12-18 17:21:27 [scrapy] DEBUG: Scraped from <200 https://ab.onliner.by/bmw>
{'img': 'https://content.onliner.by/automarket/514464/380x240/a53143fb0af4872f9c97155cf50147ca.jpeg',
 'name': 'BMW 5 серия IV (E39)',
 'price': '3900 $ / 3190 €'}
2020-12-18 17:21:27 [scrapy] DEBUG: Scraped from <200 https://ab.onliner.by/bmw>
{'img': 'https://content.onliner.by/automarket/2739958/380x240/ba7f54d9ab49b30e53c43c7d7fb4f54f.jpeg',
 'name': 'BMW 3 серия VII (G20/G21) 320d xDrive M Sport Pro',
 'price': '55 509 $ / 45 400 €'}
2020-12-18 17:21:27 [scrapy] DEBUG: Scraped from <200 https://ab.onliner.by/bmw>
{'img': 'https://content.onliner.by/automarket/2739958/380x240/683877152aafff173f6752ec3866e906.jpeg',
 'name': 'BMW X7 I (G07) xDrive 30d',
 'price': '113 464 $ / 92 800 €'}
2020-12-18 17:21:27 [scrapy] DEBUG: Scraped from <200 https://ab.onliner.by/bmw>
{'img': 'https://content.onliner.by/automarket/3193837/380x240/d41d6f8e89ba39d3604992cee7cbccae.jpeg',
 'name': 'BMW 5 серия VII (G30/G31) G30',
 'price': '43 400 $ / 35 496 €'}
2020-12-18 17:21:27 [scrapy] DEBUG: Scraped from <200 https://ab.onliner.by/bmw>
{'img': 'https://content.onliner.by/automarket/2442920/380x240/af5f85ad9f7b2b30beb7a023ba741939.jpeg',
 'name': 'BMW 7 серия V (F01/F02) Рестайлинг Long',
 'price': '17 500 $ / 14 313 €'}
2020-12-18 17:21:27 [scrapy] DEBUG: Scraped from <200 https://ab.onliner.by/bmw>
{'img': 'https://content.onliner.by/automarket/260143/380x240/eb4d38b1d2fb2dfb10ad274661cae707.jpeg',
 'name': 'BMW 1 серия I (E8x) 120d',
 'price': '7650 $ / 6257 €'}
2020-12-18 17:21:27 [scrapy] DEBUG: Scraped from <200 https://ab.onliner.by/bmw>
{'img': 'https://content.onliner.by/automarket/568018/380x240/f4c8cde57ceea099cd0897c8d81c42d8.jpeg',
 'name': 'BMW X3 II (F25) Рестайлинг xDrive-20d',
 'price': '21 500 $ / 17 584 €'}
2020-12-18 17:21:27 [scrapy] DEBUG: Scraped from <200 https://ab.onliner.by/bmw>
{'img': 'https://content.onliner.by/automarket/401323/380x240/ccd8b4e5b4efc2e7c241c0d9c237e5db.jpeg',
 'name': 'BMW 3 серия VI (F34) Gran Turismo Рестайлинг',
 'price': '24 950 $ / 20 406 €'}
2020-12-18 17:21:27 [scrapy] DEBUG: Scraped from <200 https://ab.onliner.by/bmw>
{'img': 'https://content.onliner.by/automarket/426734/380x240/b88fc24c57aa803c223abc0d0184c444.jpeg',
 'name': 'BMW 5 серия IV (E39)',
 'price': '4100 $ / 3353 €'}
2020-12-18 17:21:27 [scrapy] DEBUG: Scraped from <200 https://ab.onliner.by/bmw>
{'img': 'https://content.onliner.by/automarket/311959/380x240/4a7ae303280054a01d3ce9a10bebeb92.jpeg',
 'name': 'BMW 3 серия VI (F30/F31) Рестайлинг M Performance',
 'price': '26 900 $ / 22 001 €'}
2020-12-18 17:21:27 [scrapy] DEBUG: Scraped from <200 https://ab.onliner.by/bmw>
{'img': 'https://content.onliner.by/automarket/311959/380x240/46e8c3a40efe2345c4243e2256cc5948.jpeg',
 'name': 'BMW 3 серия VII (G20/G21) M sport Preformance',
 'price': '48 500 $ / 39 667 €'}
2020-12-18 17:21:27 [scrapy] DEBUG: Scraped from <200 https://ab.onliner.by/bmw>
{'img': 'https://content.onliner.by/automarket/311959/380x240/a63b975619f3d2d3d1054c63406780e4.jpeg',
 'name': 'BMW 5 серия VI (F10/F11/F18) Рестайлинг 528i M sport Performance',
 'price': '24 900 $ / 20 365 €'}
2020-12-18 17:21:27 [scrapy] DEBUG: Scraped from <200 https://ab.onliner.by/bmw>
{'img': 'https://content.onliner.by/automarket/311959/380x240/fa672e13ba7a6ab392587c7ae6d4a4e4.jpeg',
 'name': 'BMW 3 серия VI (F30/F31) Рестайлинг 328i xDrive',
 'price': '19 700 $ / 16 112 €'}
2020-12-18 17:21:27 [scrapy] DEBUG: Scraped from <200 https://ab.onliner.by/bmw>
{'img': 'https://content.onliner.by/automarket/311959/380x240/e6f05e5d8c615a2b3bcbccb39e2bdec0.jpeg',
 'name': 'BMW X6 II (F16) M sport',
 'price': '54 900 $ / 44 902 €'}
2020-12-18 17:21:27 [scrapy] DEBUG: Scraped from <200 https://ab.onliner.by/bmw>
{'img': 'https://content.onliner.by/automarket/311959/380x240/1ae334c78c0a81842d41856ce44e05be.jpeg',
 'name': 'BMW X3 III (G01) 30i M пакет',
 'price': '50 619 $ / 41 400 €'}
2020-12-18 17:21:27 [scrapy] DEBUG: Scraped from <200 https://ab.onliner.by/bmw>
{'img': 'https://content.onliner.by/automarket/311959/380x240/4aa956a17eb3c17dee0771acd2daf62d.jpeg',
 'name': 'BMW 5 серия VII (G30/G31) 530i xDrive Luxury Line',
 'price': '37 300 $ / 30 507 €'}
2020-12-18 17:21:27 [scrapy] DEBUG: Scraped from <200 https://ab.onliner.by/bmw>
{'img': 'https://content.onliner.by/automarket/2218487/380x240/838809237f2bf8f079b27c427088c446.jpeg',
 'name': 'BMW X3 I (E83) 30i',
 'price': '8599 $ / 7033 €'}
2020-12-18 17:21:27 [scrapy] DEBUG: Scraped from <200 https://ab.onliner.by/bmw>
{'img': 'https://content.onliner.by/automarket/470631/380x240/a0afb36a614bc5659c3d62e407698e6f.jpeg',
 'name': 'BMW 5 серия V (E60/E61) Рестайлинг',
 'price': '11 000 $ / 8997 €'}
2020-12-18 17:21:27 [scrapy] DEBUG: Scraped from <200 https://ab.onliner.by/bmw>
{'img': 'https://content.onliner.by/automarket/647415/380x240/b78a551bcca209d468c97488165b661f.jpeg',
 'name': 'BMW 7 серия IV (E65/E66) 745 IV (E65/E66)',
 'price': '6000 $ / 4907 €'}
2020-12-18 17:21:27 [scrapy] DEBUG: Scraped from <200 https://ab.onliner.by/bmw>
{'img': 'https://content.onliner.by/automarket/1964165/380x240/a86dcde05ce6cd95191fb4e1261fe736.jpeg',
 'name': 'BMW X5 I (E53)',
 'price': '6150 $ / 5030 €'}
2020-12-18 17:21:27 [scrapy] DEBUG: Scraped from <200 https://ab.onliner.by/bmw>
{'img': 'https://content.onliner.by/automarket/2589184/380x240/fd175d94af82b3632dbe41ae967e7978.jpeg',
 'name': 'BMW X5 I (E53) Рестайлинг',
 'price': '6200 $ / 5071 €'}
2020-12-18 17:21:27 [scrapy] DEBUG: Scraped from <200 https://ab.onliner.by/bmw>
{'img': 'https://content.onliner.by/automarket/1102850/380x240/084e188a069580f2ef253a9636f92aff.jpeg',
 'name': 'BMW 5 серия III (E34)',
 'price': '777 $ / 635 €'}
2020-12-18 17:21:27 [scrapy] DEBUG: Scraped from <200 https://ab.onliner.by/bmw>
{'img': 'https://content.onliner.by/automarket/85898/380x240/e772edb171e8f3dfe68b94efba14ee0c.jpeg',
 'name': 'BMW 5 серия VII (G30/G31) M-packet',
 'price': '44 000 $ / 35 987 €'}
2020-12-18 17:21:27 [scrapy] DEBUG: Scraped from <200 https://ab.onliner.by/bmw>
{'img': 'https://content.onliner.by/automarket/3134544/380x240/2f904319c77186561f4a8e041b70d5c2.jpeg',
 'name': 'BMW 7 серия III (E38) Рестайлинг',
 'price': '6100 $ / 4989 €'}
2020-12-18 17:21:27 [scrapy] DEBUG: Scraped from <200 https://ab.onliner.by/bmw>
{'img': 'https://content.onliner.by/automarket/145920/380x240/129d08a985b6308bd142fd674b5f682e.jpeg',
 'name': 'BMW 5 серия VI (F10/F11/F18) Рестайлинг 528 xdrive',
 'price': '16 800 $ / 13 740 €'}
2020-12-18 17:21:27 [scrapy] DEBUG: Scraped from <200 https://ab.onliner.by/bmw>
{'img': 'https://content.onliner.by/automarket/2916512/380x240/1dec1ada4a7f04feed1253dce5c70caf.jpeg',
 'name': 'BMW 5 серия IV (E39)',
 'price': '3300 $ / 2699 €'}
2020-12-18 17:21:27 [scrapy] DEBUG: Scraped from <200 https://ab.onliner.by/bmw>
{'img': 'https://content.onliner.by/automarket/200756/380x240/b557704ff1b1ee0dd2b75e035e69c041.jpeg',
 'name': 'BMW X6 I (E71)',
 'price': '17 500 $ / 14 313 €'}
2020-12-18 17:21:27 [scrapy] DEBUG: Scraped from <200 https://ab.onliner.by/bmw>
{'img': 'https://content.onliner.by/automarket/3193739/380x240/fcb2f3e8db5448c6184e43de62e2e364.jpeg',
 'name': 'BMW 3 серия III (E36) 318m43',
 'price': '2200 $ / 1799 €'}
2020-12-18 17:21:27 [scrapy] DEBUG: Scraped from <200 https://ab.onliner.by/bmw>
{'img': 'https://content.onliner.by/automarket/3158229/380x240/e796ade113d291360923296c4fff4a43.jpeg',
 'name': 'BMW 3 серия VI (F30/F31) Рестайлинг',
 'price': '16 900 $ / 13 822 €'}
2020-12-18 17:21:27 [scrapy] DEBUG: Scraped from <200 https://ab.onliner.by/bmw>
{'img': 'https://content.onliner.by/automarket/2218487/380x240/5b7b676c3d1053fc994944cc22d2df20.jpeg',
 'name': 'BMW 6 серия II (E6x) 645i',
 'price': '7999 $ / 6542 €'}
2020-12-18 17:21:27 [scrapy] DEBUG: Scraped from <200 https://ab.onliner.by/bmw>
{'img': 'https://content.onliner.by/automarket/412432/380x240/a340c5af9066e4aa5ab44bc4b9957336.jpeg',
 'name': 'BMW X5 II (E70) X5 e70',
 'price': '16 200 $ / 13 250 €'}
2020-12-18 17:21:27 [scrapy] DEBUG: Scraped from <200 https://ab.onliner.by/bmw>
{'img': 'https://content.onliner.by/automarket/210665/380x240/16f1e8d913e752583a5b29013152c605.jpeg',
 'name': 'BMW 1 серия II (F2x)',
 'price': '9100 $ / 7443 €'}
2020-12-18 17:21:27 [scrapy] DEBUG: Scraped from <200 https://ab.onliner.by/bmw>
{'img': 'https://content.onliner.by/automarket/902444/380x240/ef53e7c77247daa7138b360384b41938.jpeg',
 'name': 'BMW 3 серия IV (E46)',
 'price': '4400 $ / 3599 €'}
2020-12-18 17:21:27 [scrapy] DEBUG: Scraped from <200 https://ab.onliner.by/bmw>
{'img': 'https://content.onliner.by/automarket/203944/380x240/f16463ded85e2ea48a9427591d40eba0.jpeg',
 'name': 'BMW 5 серия III (E34)',
 'price': '2200 $ / 1799 €'}
2020-12-18 17:21:27 [scrapy] DEBUG: Scraped from <200 https://ab.onliner.by/bmw>
{'img': 'https://content.onliner.by/automarket/310966/380x240/dc85072b1d94bb4efe63dfefd1ae48c2.jpeg',
 'name': 'BMW 3 серия IV (E46)',
 'price': '5400 $ / 4417 €'}
2020-12-18 17:21:27 [scrapy] DEBUG: Scraped from <200 https://ab.onliner.by/bmw>
{'img': 'https://content.onliner.by/automarket/456576/380x240/b83b46c7fe8a698d2a941e86b69e2b96.jpeg',
 'name': 'BMW 3 серия III (E36) 318 тдс',
 'price': '2300 $ / 1881 €'}
2020-12-18 17:21:27 [scrapy] DEBUG: Scraped from <200 https://ab.onliner.by/bmw>
{'img': 'https://content.onliner.by/automarket/3150598/380x240/82dc24d553a2e3771c17a66542a0ca6d.jpeg',
 'name': 'BMW X5 II (E70)',
 'price': '11 800 $ / 9651 €'}
2020-12-18 17:21:27 [scrapy] DEBUG: Scraped from <200 https://ab.onliner.by/bmw>
{'img': 'https://content.onliner.by/automarket/599644/380x240/265421b28ce94543a07fb32b5a26d35e.jpeg',
 'name': 'BMW 5 серия IV (E39)',
 'price': '4000 $ / 3272 €'}
2020-12-18 17:21:27 [scrapy] DEBUG: Scraped from <200 https://ab.onliner.by/bmw>
{'img': 'https://content.onliner.by/automarket/639105/380x240/2e096f4b77da608bfe307af62c7b6f0d.jpeg',
 'name': 'BMW X6 I (E71)',
 'price': '19 750 $ / 16 153 €'}
2020-12-18 17:21:27 [scrapy] DEBUG: Scraped from <200 https://ab.onliner.by/bmw>
{'img': 'https://content.onliner.by/automarket/2412555/380x240/539606a46cfaecc3b9e00d90edf8aaff.jpeg',
 'name': 'BMW X5 I (E53) Рестайлинг',
 'price': '11 500 $ / 9406 €'}
2020-12-18 17:21:27 [scrapy] DEBUG: Forbidden by robots.txt: <GET https://ab.onliner.by/bmw?page=2>
2020-12-18 17:21:28 [scrapy] INFO: Closing spider (finished)
2020-12-18 17:21:28 [scrapy] INFO: Dumping Scrapy stats:
{'downloader/exception_count': 1,
 'downloader/exception_type_count/scrapy.exceptions.IgnoreRequest': 1,
 'downloader/request_bytes': 478,
 'downloader/request_count': 2,
 'downloader/request_method_count/GET': 2,
 'downloader/response_bytes': 17816,
 'downloader/response_count': 2,
 'downloader/response_status_count/200': 2,
 'elapsed_time_seconds': 22.153875,
 'finish_reason': 'finished',
 'finish_time': datetime.datetime(2020, 12, 18, 14, 21, 28, 198281),
 'item_scraped_count': 50,
 'log_count/DEBUG': 63,
 'log_count/INFO': 7,
 'memusage/max': 67952640,
 'memusage/startup': 67952640,
 'request_depth_max': 1,
 'response_received_count': 2,
 'robotstxt/forbidden': 1,
 'robotstxt/request_count': 1,
 'robotstxt/response_count': 1,
 'robotstxt/response_status_count/200': 1,
 'scheduler/dequeued': 2,
 'scheduler/dequeued/memory': 2,
 'scheduler/enqueued': 2,
 'scheduler/enqueued/memory': 2,
 'start_time': datetime.datetime(2020, 12, 18, 14, 21, 6, 44406)}
2020-12-18 17:21:28 [scrapy] INFO: Spider closed (finished)
