2020-12-18 18:33:08 [scrapy] DEBUG: Crawled (200) <GET https://ab.onliner.by/robots.txt> (referer: None)
2020-12-18 18:33:08 [scrapy] DEBUG: Crawled (200) <GET https://ab.onliner.by/bmw> (referer: None)
2020-12-18 18:33:14 [scrapy] DEBUG: Scraped from <200 https://ab.onliner.by/bmw>
{'img': 'https://content.onliner.by/automarket/137265/380x240/0a7db1e7fa1e630c68cc57e139c56744.jpeg',
 'name': 'BMW 5 серия VI (F10/F11/F18)',
 'price': '17 800 $ / 14 558 €'}
2020-12-18 18:33:14 [scrapy] DEBUG: Scraped from <200 https://ab.onliner.by/bmw>
{'img': 'https://content.onliner.by/automarket/311959/380x240/03996f5eef45bcc17dffca25e05e29dc.jpeg',
 'name': 'BMW X6 II (F16)',
 'price': '46 900 $ / 38 359 €'}
2020-12-18 18:33:14 [scrapy] DEBUG: Scraped from <200 https://ab.onliner.by/bmw>
{'img': 'https://content.onliner.by/automarket/2568578/380x240/72b99d70bc750bb453c21f619c2f7457.jpeg',
 'name': 'BMW 7 серия V (F01/F02) F02',
 'price': '18 500 $ / 15 131 €'}
2020-12-18 18:33:14 [scrapy] DEBUG: Scraped from <200 https://ab.onliner.by/bmw>
{'img': 'https://content.onliner.by/automarket/179826/380x240/644764d74a60ca94687e8b54f8923c44.jpeg',
 'name': 'BMW X3 II (F25) Рестайлинг',
 'price': '26 500 $ / 21 674 €'}
2020-12-18 18:33:14 [scrapy] DEBUG: Scraped from <200 https://ab.onliner.by/bmw>
{'img': 'https://content.onliner.by/automarket/798945/380x240/fefe04a7349c468677d7705093e3d864.jpeg',
 'name': 'BMW 7 серия VI (G11/G12) 740d',
 'price': '52 500 $ / 42 939 €'}
2020-12-18 18:33:14 [scrapy] DEBUG: Scraped from <200 https://ab.onliner.by/bmw>
{'img': 'https://content.onliner.by/automarket/311959/380x240/7db35f29d7e294ab383a3ec92650ae41.jpeg',
 'name': 'BMW 6 серия III (F06/F12/F13) Рестайлинг M sport Limited Edition',
 'price': '71 900 $ / 58 806 €'}
2020-12-18 18:33:14 [scrapy] DEBUG: Scraped from <200 https://ab.onliner.by/bmw>
{'img': 'https://content.onliner.by/automarket/311959/380x240/2a062c812fac63286ae1ea9f61fe652e.jpeg',
 'name': 'BMW X3 III (G01) M sport',
 'price': '74 461 $ / 60 900 €'}
2020-12-18 18:33:14 [scrapy] DEBUG: Scraped from <200 https://ab.onliner.by/bmw>
{'img': 'https://content.onliner.by/automarket/2218487/380x240/508dfbcca8c3025ecd0b3f02a4782a1c.jpeg',
 'name': 'BMW 1 серия I (E8x) 116i',
 'price': '5299 $ / 4334 €'}
2020-12-18 18:33:14 [scrapy] DEBUG: Scraped from <200 https://ab.onliner.by/bmw>
{'img': 'https://content.onliner.by/automarket/129082/380x240/bbe0fec2f8edbc5bf8a16ca7ab5f729f.jpeg',
 'name': 'BMW 5 серия IV (E39) Рестайлинг',
 'price': '4200 $ / 3435 €'}
2020-12-18 18:33:14 [scrapy] DEBUG: Scraped from <200 https://ab.onliner.by/bmw>
{'img': 'https://content.onliner.by/automarket/423081/380x240/ddcb34aee8274834325888c8910b5952.jpeg',
 'name': 'BMW 5 серия III (E34)',
 'price': '2850 $ / 2331 €'}
2020-12-18 18:33:14 [scrapy] DEBUG: Scraped from <200 https://ab.onliner.by/bmw>
{'img': 'https://content.onliner.by/automarket/1797237/380x240/0c495f53462ce6958ce001468b624897.jpeg',
 'name': 'BMW 5 серия V (E60/E61) Рестайлинг',
 'price': '12 600 $ / 10 305 €'}
2020-12-18 18:33:14 [scrapy] DEBUG: Scraped from <200 https://ab.onliner.by/bmw>
{'img': 'https://content.onliner.by/automarket/367474/380x240/f84ebb8a47ea30400da7e479d9c6728d.jpeg',
 'name': 'BMW 7 серия IV (E65/E66)',
 'price': '7999 $ / 6542 €'}
2020-12-18 18:33:14 [scrapy] DEBUG: Scraped from <200 https://ab.onliner.by/bmw>
{'img': 'https://content.onliner.by/automarket/309288/380x240/020a8537a16be75304bee7d660d36a87.jpeg',
 'name': 'BMW 5 серия V (E60/E61) 530i',
 'price': '10 000 $ / 8179 €'}
2020-12-18 18:33:14 [scrapy] DEBUG: Scraped from <200 https://ab.onliner.by/bmw>
{'img': 'https://content.onliner.by/automarket/280476/380x240/ba9f9ebc2d361be8d8160e9bc3b276d3.jpeg',
 'name': 'BMW X5 II (E70) 3,0D',
 'price': '17 500 $ / 14 313 €'}
2020-12-18 18:33:14 [scrapy] DEBUG: Scraped from <200 https://ab.onliner.by/bmw>
{'img': 'https://content.onliner.by/automarket/1255729/380x240/51811ce6e89591b842e68e96dea38aba.jpeg',
 'name': 'BMW 5 серия V (E60/E61) Рестайлинг Lci',
 'price': '9500 $ / 7770 €'}
2020-12-18 18:33:14 [scrapy] DEBUG: Scraped from <200 https://ab.onliner.by/bmw>
{'img': 'https://content.onliner.by/automarket/594282/380x240/e8682c6f52c8cebe869cf05caa6cf662.jpeg',
 'name': 'BMW 5 серия IV (E39) Рестайлинг 530i',
 'price': '3850 $ / 3149 €'}
2020-12-18 18:33:14 [scrapy] DEBUG: Scraped from <200 https://ab.onliner.by/bmw>
{'img': 'https://content.onliner.by/automarket/3178607/380x240/f8f942e5ec2259239df75014d25073ea.jpeg',
 'name': 'BMW X5 II (E70) 3.0 D',
 'price': '15 400 $ / 12 595 €'}
2020-12-18 18:33:14 [scrapy] DEBUG: Scraped from <200 https://ab.onliner.by/bmw>
{'img': 'https://content.onliner.by/automarket/1443500/380x240/86c24af148837e667decc5a925140767.jpeg',
 'name': 'BMW 3 серия IV (E46)',
 'price': '5600 $ / 4580 €'}
2020-12-18 18:33:14 [scrapy] DEBUG: Scraped from <200 https://ab.onliner.by/bmw>
{'img': 'https://content.onliner.by/automarket/1267770/380x240/504b138c3be28e62b66a4e938920a280.jpeg',
 'name': 'BMW 5 серия III (E34)',
 'price': '2500 $ / 2045 €'}
2020-12-18 18:33:14 [scrapy] DEBUG: Scraped from <200 https://ab.onliner.by/bmw>
{'img': 'https://content.onliner.by/automarket/3107028/380x240/729db51c6f200250ab9a7dddeb6eb06b.jpeg',
 'name': 'BMW i3 I (I01)',
 'price': '15 000 $ / 12 268 €'}
2020-12-18 18:33:14 [scrapy] DEBUG: Scraped from <200 https://ab.onliner.by/bmw>
{'img': 'https://content.onliner.by/automarket/130925/380x240/187e3c3cba0e51e6e15afce0a4c38a3f.jpeg',
 'name': 'BMW 3 серия V (E90-E93)',
 'price': '10 499 $ / 8587 €'}
2020-12-18 18:33:14 [scrapy] DEBUG: Scraped from <200 https://ab.onliner.by/bmw>
{'img': 'https://content.onliner.by/automarket/2610632/380x240/156c211d012d289baef31b8368787690.jpeg',
 'name': 'BMW 5 серия IV (E39) Рестайлинг',
 'price': '8300 $ / 6788 €'}
2020-12-18 18:33:14 [scrapy] DEBUG: Scraped from <200 https://ab.onliner.by/bmw>
{'img': 'https://content.onliner.by/automarket/221040/380x240/6fb3855a6b8827d0dbfda36c361397f9.jpeg',
 'name': 'BMW X5 II (E70) 3,5d',
 'price': '15 250 $ / 12 473 €'}
2020-12-18 18:33:14 [scrapy] DEBUG: Scraped from <200 https://ab.onliner.by/bmw>
{'img': 'https://content.onliner.by/automarket/916115/380x240/5fa38556ab7c48c1f73e097e62f6b8a5.jpeg',
 'name': 'BMW 5 серия IV (E39) Рестайлинг Exclusive Edition',
 'price': '6400 $ / 5234 €'}
2020-12-18 18:33:14 [scrapy] DEBUG: Scraped from <200 https://ab.onliner.by/bmw>
{'img': 'https://content.onliner.by/automarket/2324769/380x240/8df27b87afb11c1250e6d998aa1f661f.jpeg',
 'name': 'BMW 5 серия III (E34)',
 'price': '1800 $ / 1472 €'}
2020-12-18 18:33:14 [scrapy] DEBUG: Scraped from <200 https://ab.onliner.by/bmw>
{'img': 'https://content.onliner.by/automarket/514464/380x240/a53143fb0af4872f9c97155cf50147ca.jpeg',
 'name': 'BMW 5 серия IV (E39)',
 'price': '3900 $ / 3190 €'}
2020-12-18 18:33:14 [scrapy] DEBUG: Scraped from <200 https://ab.onliner.by/bmw>
{'img': 'https://content.onliner.by/automarket/2739958/380x240/ba7f54d9ab49b30e53c43c7d7fb4f54f.jpeg',
 'name': 'BMW 3 серия VII (G20/G21) 320d xDrive M Sport Pro',
 'price': '55 509 $ / 45 400 €'}
2020-12-18 18:33:14 [scrapy] DEBUG: Scraped from <200 https://ab.onliner.by/bmw>
{'img': 'https://content.onliner.by/automarket/2739958/380x240/683877152aafff173f6752ec3866e906.jpeg',
 'name': 'BMW X7 I (G07) xDrive 30d',
 'price': '113 464 $ / 92 800 €'}
2020-12-18 18:33:14 [scrapy] DEBUG: Scraped from <200 https://ab.onliner.by/bmw>
{'img': 'https://content.onliner.by/automarket/3193837/380x240/d41d6f8e89ba39d3604992cee7cbccae.jpeg',
 'name': 'BMW 5 серия VII (G30/G31) G30',
 'price': '43 400 $ / 35 496 €'}
2020-12-18 18:33:14 [scrapy] DEBUG: Scraped from <200 https://ab.onliner.by/bmw>
{'img': 'https://content.onliner.by/automarket/2442920/380x240/af5f85ad9f7b2b30beb7a023ba741939.jpeg',
 'name': 'BMW 7 серия V (F01/F02) Рестайлинг Long',
 'price': '17 500 $ / 14 313 €'}
2020-12-18 18:33:14 [scrapy] DEBUG: Scraped from <200 https://ab.onliner.by/bmw>
{'img': 'https://content.onliner.by/automarket/260143/380x240/eb4d38b1d2fb2dfb10ad274661cae707.jpeg',
 'name': 'BMW 1 серия I (E8x) 120d',
 'price': '7650 $ / 6257 €'}
2020-12-18 18:33:14 [scrapy] DEBUG: Scraped from <200 https://ab.onliner.by/bmw>
{'img': 'https://content.onliner.by/automarket/568018/380x240/f4c8cde57ceea099cd0897c8d81c42d8.jpeg',
 'name': 'BMW X3 II (F25) Рестайлинг xDrive-20d',
 'price': '21 500 $ / 17 584 €'}
2020-12-18 18:33:14 [scrapy] DEBUG: Scraped from <200 https://ab.onliner.by/bmw>
{'img': 'https://content.onliner.by/automarket/401323/380x240/ccd8b4e5b4efc2e7c241c0d9c237e5db.jpeg',
 'name': 'BMW 3 серия VI (F34) Gran Turismo Рестайлинг',
 'price': '24 950 $ / 20 406 €'}
2020-12-18 18:33:14 [scrapy] DEBUG: Scraped from <200 https://ab.onliner.by/bmw>
{'img': 'https://content.onliner.by/automarket/426734/380x240/b88fc24c57aa803c223abc0d0184c444.jpeg',
 'name': 'BMW 5 серия IV (E39)',
 'price': '4100 $ / 3353 €'}
2020-12-18 18:33:14 [scrapy] DEBUG: Scraped from <200 https://ab.onliner.by/bmw>
{'img': 'https://content.onliner.by/automarket/311959/380x240/4a7ae303280054a01d3ce9a10bebeb92.jpeg',
 'name': 'BMW 3 серия VI (F30/F31) Рестайлинг M Performance',
 'price': '26 900 $ / 22 001 €'}
2020-12-18 18:33:14 [scrapy] DEBUG: Scraped from <200 https://ab.onliner.by/bmw>
{'img': 'https://content.onliner.by/automarket/311959/380x240/46e8c3a40efe2345c4243e2256cc5948.jpeg',
 'name': 'BMW 3 серия VII (G20/G21) M sport Preformance',
 'price': '48 500 $ / 39 667 €'}
2020-12-18 18:33:14 [scrapy] DEBUG: Scraped from <200 https://ab.onliner.by/bmw>
{'img': 'https://content.onliner.by/automarket/311959/380x240/a63b975619f3d2d3d1054c63406780e4.jpeg',
 'name': 'BMW 5 серия VI (F10/F11/F18) Рестайлинг 528i M sport Performance',
 'price': '24 900 $ / 20 365 €'}
2020-12-18 18:33:14 [scrapy] DEBUG: Scraped from <200 https://ab.onliner.by/bmw>
{'img': 'https://content.onliner.by/automarket/311959/380x240/fa672e13ba7a6ab392587c7ae6d4a4e4.jpeg',
 'name': 'BMW 3 серия VI (F30/F31) Рестайлинг 328i xDrive',
 'price': '19 700 $ / 16 112 €'}
2020-12-18 18:33:14 [scrapy] DEBUG: Scraped from <200 https://ab.onliner.by/bmw>
{'img': 'https://content.onliner.by/automarket/311959/380x240/e6f05e5d8c615a2b3bcbccb39e2bdec0.jpeg',
 'name': 'BMW X6 II (F16) M sport',
 'price': '54 900 $ / 44 902 €'}
2020-12-18 18:33:14 [scrapy] DEBUG: Scraped from <200 https://ab.onliner.by/bmw>
{'img': 'https://content.onliner.by/automarket/311959/380x240/1ae334c78c0a81842d41856ce44e05be.jpeg',
 'name': 'BMW X3 III (G01) 30i M пакет',
 'price': '50 619 $ / 41 400 €'}
2020-12-18 18:33:14 [scrapy] DEBUG: Scraped from <200 https://ab.onliner.by/bmw>
{'img': 'https://content.onliner.by/automarket/311959/380x240/4aa956a17eb3c17dee0771acd2daf62d.jpeg',
 'name': 'BMW 5 серия VII (G30/G31) 530i xDrive Luxury Line',
 'price': '37 300 $ / 30 507 €'}
2020-12-18 18:33:14 [scrapy] DEBUG: Scraped from <200 https://ab.onliner.by/bmw>
{'img': 'https://content.onliner.by/automarket/2218487/380x240/838809237f2bf8f079b27c427088c446.jpeg',
 'name': 'BMW X3 I (E83) 30i',
 'price': '8599 $ / 7033 €'}
2020-12-18 18:33:14 [scrapy] DEBUG: Scraped from <200 https://ab.onliner.by/bmw>
{'img': 'https://content.onliner.by/automarket/470631/380x240/a0afb36a614bc5659c3d62e407698e6f.jpeg',
 'name': 'BMW 5 серия V (E60/E61) Рестайлинг',
 'price': '11 000 $ / 8997 €'}
2020-12-18 18:33:14 [scrapy] DEBUG: Scraped from <200 https://ab.onliner.by/bmw>
{'img': 'https://content.onliner.by/automarket/647415/380x240/b78a551bcca209d468c97488165b661f.jpeg',
 'name': 'BMW 7 серия IV (E65/E66) 745 IV (E65/E66)',
 'price': '6000 $ / 4907 €'}
2020-12-18 18:33:14 [scrapy] DEBUG: Scraped from <200 https://ab.onliner.by/bmw>
{'img': 'https://content.onliner.by/automarket/1964165/380x240/a86dcde05ce6cd95191fb4e1261fe736.jpeg',
 'name': 'BMW X5 I (E53)',
 'price': '6150 $ / 5030 €'}
2020-12-18 18:33:14 [scrapy] DEBUG: Scraped from <200 https://ab.onliner.by/bmw>
{'img': 'https://content.onliner.by/automarket/2589184/380x240/fd175d94af82b3632dbe41ae967e7978.jpeg',
 'name': 'BMW X5 I (E53) Рестайлинг',
 'price': '6200 $ / 5071 €'}
2020-12-18 18:33:14 [scrapy] DEBUG: Scraped from <200 https://ab.onliner.by/bmw>
{'img': 'https://content.onliner.by/automarket/1102850/380x240/084e188a069580f2ef253a9636f92aff.jpeg',
 'name': 'BMW 5 серия III (E34)',
 'price': '777 $ / 635 €'}
2020-12-18 18:33:14 [scrapy] DEBUG: Scraped from <200 https://ab.onliner.by/bmw>
{'img': 'https://content.onliner.by/automarket/85898/380x240/e772edb171e8f3dfe68b94efba14ee0c.jpeg',
 'name': 'BMW 5 серия VII (G30/G31) M-packet',
 'price': '44 000 $ / 35 987 €'}
2020-12-18 18:33:14 [scrapy] DEBUG: Scraped from <200 https://ab.onliner.by/bmw>
{'img': 'https://content.onliner.by/automarket/3134544/380x240/2f904319c77186561f4a8e041b70d5c2.jpeg',
 'name': 'BMW 7 серия III (E38) Рестайлинг',
 'price': '6100 $ / 4989 €'}
2020-12-18 18:33:14 [scrapy] DEBUG: Scraped from <200 https://ab.onliner.by/bmw>
{'img': 'https://content.onliner.by/automarket/145920/380x240/129d08a985b6308bd142fd674b5f682e.jpeg',
 'name': 'BMW 5 серия VI (F10/F11/F18) Рестайлинг 528 xdrive',
 'price': '16 800 $ / 13 740 €'}
2020-12-18 18:33:14 [scrapy] DEBUG: Forbidden by robots.txt: <GET https://ab.onliner.by/bmw?page=15>
2020-12-18 18:33:14 [scrapy] INFO: Closing spider (finished)
2020-12-18 18:33:14 [scrapy] INFO: Dumping Scrapy stats:
{'downloader/exception_count': 1,
 'downloader/exception_type_count/scrapy.exceptions.IgnoreRequest': 1,
 'downloader/request_bytes': 478,
 'downloader/request_count': 2,
 'downloader/request_method_count/GET': 2,
 'downloader/response_bytes': 17800,
 'downloader/response_count': 2,
 'downloader/response_status_count/200': 2,
 'elapsed_time_seconds': 6.831695,
 'finish_reason': 'finished',
 'finish_time': datetime.datetime(2020, 12, 18, 15, 33, 14, 809446),
 'item_scraped_count': 50,
 'log_count/DEBUG': 63,
 'log_count/INFO': 7,
 'memusage/max': 101396480,
 'memusage/startup': 101396480,
 'request_depth_max': 1,
 'response_received_count': 2,
 'robotstxt/forbidden': 1,
 'robotstxt/request_count': 1,
 'robotstxt/response_count': 1,
 'robotstxt/response_status_count/200': 1,
 'scheduler/dequeued': 2,
 'scheduler/dequeued/memory': 2,
 'scheduler/enqueued': 2,
 'scheduler/enqueued/memory': 2,
 'start_time': datetime.datetime(2020, 12, 18, 15, 33, 7, 977751)}
2020-12-18 18:33:14 [scrapy] INFO: Spider closed (finished)
