2021-01-05 19:31:52 [scrapy] DEBUG: Crawled (200) <GET https://ab.onliner.by/robots.txt> (referer: None)
2021-01-05 19:31:52 [scrapy] DEBUG: Crawled (200) <GET https://ab.onliner.by/bmw> (referer: None)
2021-01-05 19:32:09 [scrapy] DEBUG: Scraped from <200 https://ab.onliner.by/bmw>
{'img': 'https://content.onliner.by/automarket/200090/380x240/a6d22bbd92ed8b02f4741083c39e109b.jpeg',
 'name': '\n'
         '                BMW 3 серия VI (F30/F31) M Performance\n'
         '              ',
 'price': '\n          18 300 $ /\n          14 917 €\n        '}
2021-01-05 19:32:09 [scrapy] DEBUG: Scraped from <200 https://ab.onliner.by/bmw>
{'img': 'https://content.onliner.by/automarket/5460/380x240/8ddea46fd9810435ef2f6c5ef952441d.jpeg',
 'name': '\n                BMW X6 II (F16) xDrive 35i\n              ',
 'price': '\n          42 000 $ /\n          34 237 €\n        '}
2021-01-05 19:32:09 [scrapy] DEBUG: Scraped from <200 https://ab.onliner.by/bmw>
{'img': 'https://content.onliner.by/automarket/605510/380x240/d26b538d2209adf1dfe2faa568450e08.jpeg',
 'name': '\n                BMW 5 серия IV (E39)\n              ',
 'price': '\n          4000 $ /\n          3261 €\n        '}
2021-01-05 19:32:09 [scrapy] DEBUG: Scraped from <200 https://ab.onliner.by/bmw>
{'img': 'https://content.onliner.by/automarket/311959/380x240/2a062c812fac63286ae1ea9f61fe652e.jpeg',
 'name': '\n                BMW X3 III (G01) 30d M sport\n              ',
 'price': '\n          74 709 $ /\n          60 900 €\n        '}
2021-01-05 19:32:09 [scrapy] DEBUG: Scraped from <200 https://ab.onliner.by/bmw>
{'img': 'https://content.onliner.by/automarket/137265/380x240/0a7db1e7fa1e630c68cc57e139c56744.jpeg',
 'name': '\n                BMW 5 серия VI (F10/F11/F18)\n              ',
 'price': '\n          17 800 $ /\n          14 510 €\n        '}
2021-01-05 19:32:09 [scrapy] DEBUG: Scraped from <200 https://ab.onliner.by/bmw>
{'img': 'https://content.onliner.by/automarket/421118/380x240/1f547b9b0643f99831cf7146b163a13a.png',
 'name': '\n                BMW 2 серия I (F2x) 218\n              ',
 'price': '\n          14 476 $ /\n          11 800 €\n        '}
2021-01-05 19:32:09 [scrapy] DEBUG: Scraped from <200 https://ab.onliner.by/bmw>
{'img': 'https://content.onliner.by/automarket/421118/380x240/056cc9d4ce57f43873b1f96d9bd8f3c3.png',
 'name': '\n                BMW 5 серия 550\n              ',
 'price': '\n          30 546 $ /\n          24 900 €\n        '}
2021-01-05 19:32:09 [scrapy] DEBUG: Scraped from <200 https://ab.onliner.by/bmw>
{'img': 'https://content.onliner.by/automarket/421118/380x240/c3df238bc397ec661bf730f21e51e784.jpeg',
 'name': '\n                BMW 5 серия M-PACK X-DRIVE\n              ',
 'price': '\n          35 330 $ /\n          28 800 €\n        '}
2021-01-05 19:32:09 [scrapy] DEBUG: Scraped from <200 https://ab.onliner.by/bmw>
{'img': 'https://content.onliner.by/automarket/421118/380x240/9bf3d554d8c82058f7e1f81b7bc8aba4.png',
 'name': '\n                BMW X5 III (F15)\n              ',
 'price': '\n          32 509 $ /\n          26 500 €\n        '}
2021-01-05 19:32:09 [scrapy] DEBUG: Scraped from <200 https://ab.onliner.by/bmw>
{'img': 'https://content.onliner.by/automarket/421118/380x240/76942346dd7cc8e7e572daec84947c5b.png',
 'name': '\n'
         '                BMW 5 серия VI (F10/F11/F18) Рестайлинг 535 Luxury\n'
         '              ',
 'price': '\n          22 695 $ /\n          18 500 €\n        '}
2021-01-05 19:32:09 [scrapy] DEBUG: Scraped from <200 https://ab.onliner.by/bmw>
{'img': 'https://content.onliner.by/automarket/421118/380x240/417016919b89291b5513ae902c0bd361.jpeg',
 'name': '\n                BMW 2 серия I (F2x) 218 Luxury\n              ',
 'price': '\n          13 740 $ /\n          11 200 €\n        '}
2021-01-05 19:32:09 [scrapy] DEBUG: Scraped from <200 https://ab.onliner.by/bmw>
{'img': 'https://content.onliner.by/automarket/421118/380x240/8279360a3dc47f6c45e4db17d1ae9681.jpeg',
 'name': '\n                BMW X3 II (F25) Рестайлинг XDRIVE\n              ',
 'price': '\n          15 825 $ /\n          12 900 €\n        '}
2021-01-05 19:32:09 [scrapy] DEBUG: Scraped from <200 https://ab.onliner.by/bmw>
{'img': 'https://content.onliner.by/automarket/421118/380x240/1af73586dc1824a37127d77a1a5bf57d.jpeg',
 'name': '\n'
         '                BMW 5 серия VI (F10/F11/F18) Рестайлинг 520 M-PACK\n'
         '              ',
 'price': '\n          17 297 $ /\n          14 100 €\n        '}
2021-01-05 19:32:09 [scrapy] DEBUG: Scraped from <200 https://ab.onliner.by/bmw>
{'img': 'https://content.onliner.by/automarket/551258/380x240/408f3ab51151568382d582a551275527.jpeg',
 'name': '\n                BMW 3 серия V (E90-E93)\n              ',
 'price': '\n          9700 $ /\n          7907 €\n        '}
2021-01-05 19:32:09 [scrapy] DEBUG: Scraped from <200 https://ab.onliner.by/bmw>
{'img': 'https://content.onliner.by/automarket/421118/380x240/b1f02a77ecef6a3cdc5f9fac5a8059cf.jpeg',
 'name': '\n                BMW 5 серия 540\n              ',
 'price': '\n          44 163 $ /\n          36 000 €\n        '}
2021-01-05 19:32:09 [scrapy] DEBUG: Scraped from <200 https://ab.onliner.by/bmw>
{'img': 'https://content.onliner.by/automarket/421118/380x240/d48262f5912588b71e59bb88bc877c4c.jpeg',
 'name': '\n                BMW X5 III (F15) SDRIVE35I\n              ',
 'price': '\n          21 200 $ /\n          17 281 €\n        '}
2021-01-05 19:32:09 [scrapy] DEBUG: Scraped from <200 https://ab.onliner.by/bmw>
{'img': 'https://content.onliner.by/automarket/421118/380x240/60bbac7ee20e125774beafe9be7c2d1b.jpeg',
 'name': '\n                BMW 3 серия 320\n              ',
 'price': '\n          8400 $ /\n          6847 €\n        '}
2021-01-05 19:32:09 [scrapy] DEBUG: Scraped from <200 https://ab.onliner.by/bmw>
{'img': 'https://content.onliner.by/automarket/421118/380x240/62718c5649c5d2e745b41b8a0ad39d5b.jpeg',
 'name': '\n                BMW 5 серия 530 M-Pack\n              ',
 'price': '\n          40 851 $ /\n          33 300 €\n        '}
2021-01-05 19:32:09 [scrapy] DEBUG: Scraped from <200 https://ab.onliner.by/bmw>
{'img': 'https://content.onliner.by/automarket/421118/380x240/a79764f0196345196fc907721c509a81.jpeg',
 'name': '\n'
         '                BMW 5 серия VI (F10/F11/F18) Рестайлинг 520\n'
         '              ',
 'price': '\n          13 617 $ /\n          11 100 €\n        '}
2021-01-05 19:32:09 [scrapy] DEBUG: Scraped from <200 https://ab.onliner.by/bmw>
{'img': 'https://content.onliner.by/automarket/421118/380x240/e9ce8b2c8b60eae8c36ed17f9338a105.jpeg',
 'name': '\n                BMW 5 серия 520 SPORT LINE\n              ',
 'price': '\n          20 732 $ /\n          16 900 €\n        '}
2021-01-05 19:32:09 [scrapy] DEBUG: Scraped from <200 https://ab.onliner.by/bmw>
{'img': 'https://content.onliner.by/automarket/421118/380x240/1a8fed3b0b56f8c6d69e3b5e3ee89c91.png',
 'name': '\n                BMW 5 серия 530 M-PERFOMANCE\n              ',
 'price': '\n          19 505 $ /\n          15 900 €\n        '}
2021-01-05 19:32:09 [scrapy] DEBUG: Scraped from <200 https://ab.onliner.by/bmw>
{'img': 'https://content.onliner.by/automarket/421118/380x240/8bd65d2f15fd32b3d243e51a6ff55fc2.png',
 'name': '\n                BMW 3 серия 320\n              ',
 'price': '\n          13 372 $ /\n          10 900 €\n        '}
2021-01-05 19:32:09 [scrapy] DEBUG: Scraped from <200 https://ab.onliner.by/bmw>
{'img': 'https://content.onliner.by/automarket/421118/380x240/24aa654ce68c86fcd90012b7f550c3e5.jpeg',
 'name': '\n                BMW 4 серия I (F32/F33) 420\n              ',
 'price': '\n          12 758 $ /\n          10 400 €\n        '}
2021-01-05 19:32:09 [scrapy] DEBUG: Scraped from <200 https://ab.onliner.by/bmw>
{'img': 'https://content.onliner.by/automarket/421118/380x240/56d1da577ba4928e52a10459a435d1d8.jpeg',
 'name': '\n                BMW 3 серия 320\n              ',
 'price': '\n          11 863 $ /\n          9670 €\n        '}
2021-01-05 19:32:09 [scrapy] DEBUG: Scraped from <200 https://ab.onliner.by/bmw>
{'img': 'https://content.onliner.by/automarket/421118/380x240/a59dde6de6b4a32bb4b55a83cb958de1.png',
 'name': '\n'
         '                BMW 2 серия I (F2x) 216 Grand Activ\n'
         '              ',
 'price': '\n          11 163 $ /\n          9100 €\n        '}
2021-01-05 19:32:09 [scrapy] DEBUG: Scraped from <200 https://ab.onliner.by/bmw>
{'img': 'https://content.onliner.by/automarket/421118/380x240/28665305bf5b78ce0b0d9f9c8b28a5e2.jpeg',
 'name': '\n                BMW 5 серия 525 X-DRIVE\n              ',
 'price': '\n          15 334 $ /\n          12 500 €\n        '}
2021-01-05 19:32:09 [scrapy] DEBUG: Scraped from <200 https://ab.onliner.by/bmw>
{'img': 'https://content.onliner.by/automarket/421118/380x240/79045c3025df24d97e7debf23de56279.png',
 'name': '\n                BMW 4 серия I (F32/F33) 420\n              ',
 'price': '\n          17 113 $ /\n          13 950 €\n        '}
2021-01-05 19:32:09 [scrapy] DEBUG: Scraped from <200 https://ab.onliner.by/bmw>
{'img': 'https://content.onliner.by/automarket/421118/380x240/d2e7b6e94171fdfde669dd0f77c7ba4f.png',
 'name': '\n                BMW 3 серия 320 GT X-DRIVE\n              ',
 'price': '\n          14 660 $ /\n          11 950 €\n        '}
2021-01-05 19:32:09 [scrapy] DEBUG: Scraped from <200 https://ab.onliner.by/bmw>
{'img': 'https://content.onliner.by/automarket/421118/380x240/f2cdfaf215997b8b38fab7527f13f183.jpeg',
 'name': '\n                BMW i8 I (I12)\n              ',
 'price': '\n          58 884 $ /\n          48 000 €\n        '}
2021-01-05 19:32:09 [scrapy] DEBUG: Scraped from <200 https://ab.onliner.by/bmw>
{'img': 'https://content.onliner.by/automarket/2620715/380x240/5a0373d3322111c18d91bbcd9a5ba800.jpeg',
 'name': '\n                BMW 5 серия IV (E39)\n              ',
 'price': '\n          3300 $ /\n          2690 €\n        '}
2021-01-05 19:32:09 [scrapy] DEBUG: Scraped from <200 https://ab.onliner.by/bmw>
{'img': 'https://content.onliner.by/automarket/421118/380x240/a0f361b41e39c1667b37206150148c84.png',
 'name': '\n                BMW X1 II (F48)\n              ',
 'price': '\n          17 297 $ /\n          14 100 €\n        '}
2021-01-05 19:32:09 [scrapy] DEBUG: Scraped from <200 https://ab.onliner.by/bmw>
{'img': 'https://content.onliner.by/automarket/421118/380x240/e858eedd3c09311abb1da1311f57d6f7.png',
 'name': '\n                BMW 5 серия 520 GT\n              ',
 'price': '\n          16 500 $ /\n          13 450 €\n        '}
2021-01-05 19:32:09 [scrapy] DEBUG: Scraped from <200 https://ab.onliner.by/bmw>
{'img': 'https://content.onliner.by/automarket/421118/380x240/48521e4a07875f78e4b64a52ad0375e4.png',
 'name': '\n                BMW 4 серия I (F32/F33) 420\n              ',
 'price': '\n          19 505 $ /\n          15 900 €\n        '}
2021-01-05 19:32:09 [scrapy] DEBUG: Scraped from <200 https://ab.onliner.by/bmw>
{'img': 'https://content.onliner.by/automarket/421118/380x240/78ddb5b1252f177533dc1f358b63f54e.png',
 'name': '\n'
         '                BMW 7 серия VI (G11/G12) 730 M-PACK\n'
         '              ',
 'price': '\n          42 630 $ /\n          34 750 €\n        '}
2021-01-05 19:32:09 [scrapy] DEBUG: Scraped from <200 https://ab.onliner.by/bmw>
{'img': 'https://content.onliner.by/automarket/421118/380x240/53a260c65814b79eb10149b92efb71d9.jpeg',
 'name': '\n                BMW X1 II (F48)\n              ',
 'price': '\n          16 070 $ /\n          13 100 €\n        '}
2021-01-05 19:32:09 [scrapy] DEBUG: Scraped from <200 https://ab.onliner.by/bmw>
{'img': 'https://content.onliner.by/automarket/421118/380x240/ea57609544f8e76017aa4652ab391b10.jpeg',
 'name': '\n                BMW 2 серия I (F2x) 216 M-SPORT\n              ',
 'price': '\n          12 869 $ /\n          10 490 €\n        '}
2021-01-05 19:32:09 [scrapy] DEBUG: Scraped from <200 https://ab.onliner.by/bmw>
{'img': 'https://content.onliner.by/automarket/421118/380x240/e45d0115e20110c20005354195b6b2c8.jpeg',
 'name': '\n                BMW 2 серия I (F2x) 216 SPORT LINE\n              ',
 'price': '\n          14 108 $ /\n          11 500 €\n        '}
2021-01-05 19:32:09 [scrapy] DEBUG: Scraped from <200 https://ab.onliner.by/bmw>
{'img': 'https://content.onliner.by/automarket/421118/380x240/3c3c88e443117b30460ee65a870e1f4d.jpeg',
 'name': '\n                BMW 4 серия I (F32/F33) 430\n              ',
 'price': '\n          22 327 $ /\n          18 200 €\n        '}
2021-01-05 19:32:09 [scrapy] DEBUG: Scraped from <200 https://ab.onliner.by/bmw>
{'img': 'https://content.onliner.by/automarket/2028005/380x240/2155fd32b7798a324f206f8a999a04bd.jpeg',
 'name': '\n                BMW 5 серия IV (E39)\n              ',
 'price': '\n          3300 $ /\n          2690 €\n        '}
2021-01-05 19:32:09 [scrapy] DEBUG: Scraped from <200 https://ab.onliner.by/bmw>
{'img': 'https://content.onliner.by/automarket/421118/380x240/19c74f51294b1c3795456cedfe2591bb.jpeg',
 'name': '\n                BMW X1 II (F48) hail damage\n              ',
 'price': '\n          17 174 $ /\n          14 000 €\n        '}
2021-01-05 19:32:09 [scrapy] DEBUG: Scraped from <200 https://ab.onliner.by/bmw>
{'img': 'https://content.onliner.by/automarket/421118/380x240/82b52199618c47a821d92502b7d0a1c7.jpeg',
 'name': '\n'
         '                BMW 4 серия I (F32/F33) 420 GranCoupe M-PACK\n'
         '              ',
 'price': '\n          18 769 $ /\n          15 300 €\n        '}
2021-01-05 19:32:09 [scrapy] DEBUG: Scraped from <200 https://ab.onliner.by/bmw>
{'img': 'https://content.onliner.by/automarket/421118/380x240/4fb9d2a04fa2f4a7df87b5c656136a7d.jpeg',
 'name': '\n                BMW 2 серия I (F2x) 216\n              ',
 'price': '\n          11 519 $ /\n          9390 €\n        '}
2021-01-05 19:32:09 [scrapy] DEBUG: Scraped from <200 https://ab.onliner.by/bmw>
{'img': 'https://content.onliner.by/automarket/421118/380x240/098d83808350b25789119298751706ae.jpeg',
 'name': '\n'
         '                BMW 5 серия VI (F10/F11/F18) Рестайлинг 520\n'
         '              ',
 'price': '\n          18 524 $ /\n          15 100 €\n        '}
2021-01-05 19:32:09 [scrapy] DEBUG: Scraped from <200 https://ab.onliner.by/bmw>
{'img': 'https://content.onliner.by/automarket/421118/380x240/7c4862cbd3d9585571ed9beb31475fce.png',
 'name': '\n'
         '                BMW 2 серия I (F2x) 216 Gran Tourer\n'
         '              ',
 'price': '\n          13 556 $ /\n          11 050 €\n        '}
2021-01-05 19:32:09 [scrapy] DEBUG: Scraped from <200 https://ab.onliner.by/bmw>
{'img': 'https://content.onliner.by/automarket/421118/380x240/d8b0474435c3a14a29b37b94a5bc983e.png',
 'name': '\n'
         '                BMW 2 серия I (F2x) 216 Active Tourer\n'
         '              ',
 'price': '\n          13 126 $ /\n          10 700 €\n        '}
2021-01-05 19:32:09 [scrapy] DEBUG: Scraped from <200 https://ab.onliner.by/bmw>
{'img': 'https://content.onliner.by/automarket/421118/380x240/281d16739f08e628de29014951e2fa1f.jpeg',
 'name': '\n                BMW X4 I (F26) X-LINE\n              ',
 'price': '\n          23 063 $ /\n          18 800 €\n        '}
2021-01-05 19:32:10 [scrapy] DEBUG: Scraped from <200 https://ab.onliner.by/bmw>
{'img': 'https://content.onliner.by/automarket/421118/380x240/2f7d64707e0269e720ff35d0dd249ebb.jpeg',
 'name': '\n                BMW X5 III (F15) 4.0d\n              ',
 'price': '\n          37 171 $ /\n          30 300 €\n        '}
2021-01-05 19:32:10 [scrapy] DEBUG: Scraped from <200 https://ab.onliner.by/bmw>
{'img': 'https://content.onliner.by/automarket/421118/380x240/0424d2d1991581f7146efcaaa2d27662.jpeg',
 'name': '\n'
         '                BMW 4 серия I (F36) Gran Coupe Edition\n'
         '              ',
 'price': '\n          20 241 $ /\n          16 500 €\n        '}
2021-01-05 19:32:10 [scrapy] DEBUG: Scraped from <200 https://ab.onliner.by/bmw>
{'img': 'https://content.onliner.by/automarket/421118/380x240/de756c45a9d5603e10d00497b2812683.jpeg',
 'name': '\n'
         '                BMW 4 серия I (F36) Gran Coupe Sport\n'
         '              ',
 'price': '\n          21 468 $ /\n          17 500 €\n        '}
2021-01-05 19:32:10 [scrapy] DEBUG: Scraped from <200 https://ab.onliner.by/bmw>
{'img': 'https://content.onliner.by/automarket/421118/380x240/35195ca6d034e43a083f68bd0094a260.jpeg',
 'name': '\n'
         '                BMW 4 серия I (F36) Gran Coupe Luxury\n'
         '              ',
 'price': '\n          19 751 $ /\n          16 100 €\n        '}
2021-01-05 19:32:10 [scrapy] INFO: Closing spider (finished)
2021-01-05 19:32:10 [scrapy] INFO: Dumping Scrapy stats:
{'downloader/request_bytes': 478,
 'downloader/request_count': 2,
 'downloader/request_method_count/GET': 2,
 'downloader/response_bytes': 17488,
 'downloader/response_count': 2,
 'downloader/response_status_count/200': 2,
 'elapsed_time_seconds': 17.616107,
 'finish_reason': 'finished',
 'finish_time': datetime.datetime(2021, 1, 5, 16, 32, 10, 13580),
 'item_scraped_count': 50,
 'log_count/DEBUG': 62,
 'log_count/INFO': 7,
 'memusage/max': 83271680,
 'memusage/startup': 83271680,
 'response_received_count': 2,
 'robotstxt/request_count': 1,
 'robotstxt/response_count': 1,
 'robotstxt/response_status_count/200': 1,
 'scheduler/dequeued': 1,
 'scheduler/dequeued/memory': 1,
 'scheduler/enqueued': 1,
 'scheduler/enqueued/memory': 1,
 'start_time': datetime.datetime(2021, 1, 5, 16, 31, 52, 397473)}
2021-01-05 19:32:10 [scrapy] INFO: Spider closed (finished)
